{
  "uid" : "2788941ed0b407c1",
  "name" : "test_task",
  "fullName" : "tests.login_page_test.TestTask#test_task",
  "historyId" : "a5aee721d258482e20909245f826af9a",
  "time" : {
    "start" : 1706317980546,
    "stop" : 1706317993050,
    "duration" : 12504
  },
  "status" : "skipped",
  "statusMessage" : "XFAIL Can't find element by locator ('xpath', '//a[@title='Речевые упражнения']')\n\nselenium.common.exceptions.TimeoutException: Message: Can't find element by locator ('xpath', '//a[@title=\"Речевые упражнения\"]')\nStacktrace:\n#0 0x5609f4d68f83 <unknown>\n#1 0x5609f4a21cf7 <unknown>\n#2 0x5609f4a7199e <unknown>\n#3 0x5609f4a71aa1 <unknown>\n#4 0x5609f4abcd64 <unknown>\n#5 0x5609f4a9b0dd <unknown>\n#6 0x5609f4aba006 <unknown>\n#7 0x5609f4a9ae53 <unknown>\n#8 0x5609f4a62dd4 <unknown>\n#9 0x5609f4a641de <unknown>\n#10 0x5609f4d2d531 <unknown>\n#11 0x5609f4d31455 <unknown>\n#12 0x5609f4d19f55 <unknown>\n#13 0x5609f4d320ef <unknown>\n#14 0x5609f4cfd99f <unknown>\n#15 0x5609f4d56008 <unknown>\n#16 0x5609f4d561d7 <unknown>\n#17 0x5609f4d68124 <unknown>\n#18 0x7ff141094ac3 <unknown>",
  "statusTrace" : "self = <tests.login_page_test.TestTask object at 0x7f0639f6c530>\ndriver = <selenium.webdriver.chrome.webdriver.WebDriver (session=\"21ea271cf018c5ee5a3e6b7d25def193\")>\nmain_page_open = None\n\n    @pytest.mark.xfail(reason=\"Can't find element by locator ('xpath', '//a[@title='Речевые упражнения']')\")\n    def test_task(self, driver, main_page_open):\n        page = LoginPage(driver)\n        page.login_user()\n    \n        page = AuthorizedUserHomePage(driver)\n>       page.click_speech_exercises()\n\ntests/login_page_test.py:29: \n_ _ _ _ _ _ _ _ _ _ _ _ _ _ _ _ _ _ _ _ _ _ _ _ _ _ _ _ _ _ _ _ _ _ _ _ _ _ _ _ \npages/autorized_user_home_page.py:9: in click_speech_exercises\n    self.element_is_presence_and_clickable(self.locators.SPEECH_EXERCISES).click()\npages/base_page.py:29: in element_is_presence_and_clickable\n    return (Wait(self.driver, self.timeout).until(ec.visibility_of_element_located(locator),\n_ _ _ _ _ _ _ _ _ _ _ _ _ _ _ _ _ _ _ _ _ _ _ _ _ _ _ _ _ _ _ _ _ _ _ _ _ _ _ _ \n\nself = <selenium.webdriver.support.wait.WebDriverWait (session=\"21ea271cf018c5ee5a3e6b7d25def193\")>\nmethod = <function visibility_of_element_located.<locals>._predicate at 0x7f0639e6da80>\nmessage = 'Can\\'t find element by locator (\\'xpath\\', \\'//a[@title=\"Речевые упражнения\"]\\')'\n\n    def until(self, method, message: str = \"\"):\n        \"\"\"Calls the method provided with the driver as an argument until the \\\n        return value does not evaluate to ``False``.\n    \n        :param method: callable(WebDriver)\n        :param message: optional message for :exc:`TimeoutException`\n        :returns: the result of the last call to `method`\n        :raises: :exc:`selenium.common.exceptions.TimeoutException` if timeout occurs\n        \"\"\"\n        screen = None\n        stacktrace = None\n    \n        end_time = time.monotonic() + self._timeout\n        while True:\n            try:\n                value = method(self._driver)\n                if value:\n                    return value\n            except self._ignored_exceptions as exc:\n                screen = getattr(exc, \"screen\", None)\n                stacktrace = getattr(exc, \"stacktrace\", None)\n            time.sleep(self._poll)\n            if time.monotonic() > end_time:\n                break\n>       raise TimeoutException(message, screen, stacktrace)\nE       selenium.common.exceptions.TimeoutException: Message: Can't find element by locator ('xpath', '//a[@title=\"Речевые упражнения\"]')\nE       Stacktrace:\nE       #0 0x5609f4d68f83 <unknown>\nE       #1 0x5609f4a21cf7 <unknown>\nE       #2 0x5609f4a7199e <unknown>\nE       #3 0x5609f4a71aa1 <unknown>\nE       #4 0x5609f4abcd64 <unknown>\nE       #5 0x5609f4a9b0dd <unknown>\nE       #6 0x5609f4aba006 <unknown>\nE       #7 0x5609f4a9ae53 <unknown>\nE       #8 0x5609f4a62dd4 <unknown>\nE       #9 0x5609f4a641de <unknown>\nE       #10 0x5609f4d2d531 <unknown>\nE       #11 0x5609f4d31455 <unknown>\nE       #12 0x5609f4d19f55 <unknown>\nE       #13 0x5609f4d320ef <unknown>\nE       #14 0x5609f4cfd99f <unknown>\nE       #15 0x5609f4d56008 <unknown>\nE       #16 0x5609f4d561d7 <unknown>\nE       #17 0x5609f4d68124 <unknown>\nE       #18 0x7ff141094ac3 <unknown>\n\n/opt/hostedtoolcache/Python/3.12.1/x64/lib/python3.12/site-packages/selenium/webdriver/support/wait.py:95: TimeoutException",
  "flaky" : false,
  "newFailed" : false,
  "beforeStages" : [ {
    "name" : "main_page_open",
    "time" : {
      "start" : 1706317977513,
      "stop" : 1706317980546,
      "duration" : 3033
    },
    "status" : "passed",
    "steps" : [ ],
    "attachments" : [ ],
    "parameters" : [ ],
    "attachmentsCount" : 0,
    "shouldDisplayMessage" : false,
    "stepsCount" : 0,
    "hasContent" : false
  }, {
    "name" : "driver",
    "time" : {
      "start" : 1706317976744,
      "stop" : 1706317977513,
      "duration" : 769
    },
    "status" : "passed",
    "steps" : [ ],
    "attachments" : [ ],
    "parameters" : [ ],
    "attachmentsCount" : 0,
    "shouldDisplayMessage" : false,
    "stepsCount" : 0,
    "hasContent" : false
  }, {
    "name" : "clear_allure_results_folder",
    "time" : {
      "start" : 1706317960172,
      "stop" : 1706317960172,
      "duration" : 0
    },
    "status" : "passed",
    "steps" : [ ],
    "attachments" : [ ],
    "parameters" : [ ],
    "attachmentsCount" : 0,
    "shouldDisplayMessage" : false,
    "stepsCount" : 0,
    "hasContent" : false
  } ],
  "testStage" : {
    "status" : "skipped",
    "statusMessage" : "XFAIL Can't find element by locator ('xpath', '//a[@title='Речевые упражнения']')\n\nselenium.common.exceptions.TimeoutException: Message: Can't find element by locator ('xpath', '//a[@title=\"Речевые упражнения\"]')\nStacktrace:\n#0 0x5609f4d68f83 <unknown>\n#1 0x5609f4a21cf7 <unknown>\n#2 0x5609f4a7199e <unknown>\n#3 0x5609f4a71aa1 <unknown>\n#4 0x5609f4abcd64 <unknown>\n#5 0x5609f4a9b0dd <unknown>\n#6 0x5609f4aba006 <unknown>\n#7 0x5609f4a9ae53 <unknown>\n#8 0x5609f4a62dd4 <unknown>\n#9 0x5609f4a641de <unknown>\n#10 0x5609f4d2d531 <unknown>\n#11 0x5609f4d31455 <unknown>\n#12 0x5609f4d19f55 <unknown>\n#13 0x5609f4d320ef <unknown>\n#14 0x5609f4cfd99f <unknown>\n#15 0x5609f4d56008 <unknown>\n#16 0x5609f4d561d7 <unknown>\n#17 0x5609f4d68124 <unknown>\n#18 0x7ff141094ac3 <unknown>",
    "statusTrace" : "self = <tests.login_page_test.TestTask object at 0x7f0639f6c530>\ndriver = <selenium.webdriver.chrome.webdriver.WebDriver (session=\"21ea271cf018c5ee5a3e6b7d25def193\")>\nmain_page_open = None\n\n    @pytest.mark.xfail(reason=\"Can't find element by locator ('xpath', '//a[@title='Речевые упражнения']')\")\n    def test_task(self, driver, main_page_open):\n        page = LoginPage(driver)\n        page.login_user()\n    \n        page = AuthorizedUserHomePage(driver)\n>       page.click_speech_exercises()\n\ntests/login_page_test.py:29: \n_ _ _ _ _ _ _ _ _ _ _ _ _ _ _ _ _ _ _ _ _ _ _ _ _ _ _ _ _ _ _ _ _ _ _ _ _ _ _ _ \npages/autorized_user_home_page.py:9: in click_speech_exercises\n    self.element_is_presence_and_clickable(self.locators.SPEECH_EXERCISES).click()\npages/base_page.py:29: in element_is_presence_and_clickable\n    return (Wait(self.driver, self.timeout).until(ec.visibility_of_element_located(locator),\n_ _ _ _ _ _ _ _ _ _ _ _ _ _ _ _ _ _ _ _ _ _ _ _ _ _ _ _ _ _ _ _ _ _ _ _ _ _ _ _ \n\nself = <selenium.webdriver.support.wait.WebDriverWait (session=\"21ea271cf018c5ee5a3e6b7d25def193\")>\nmethod = <function visibility_of_element_located.<locals>._predicate at 0x7f0639e6da80>\nmessage = 'Can\\'t find element by locator (\\'xpath\\', \\'//a[@title=\"Речевые упражнения\"]\\')'\n\n    def until(self, method, message: str = \"\"):\n        \"\"\"Calls the method provided with the driver as an argument until the \\\n        return value does not evaluate to ``False``.\n    \n        :param method: callable(WebDriver)\n        :param message: optional message for :exc:`TimeoutException`\n        :returns: the result of the last call to `method`\n        :raises: :exc:`selenium.common.exceptions.TimeoutException` if timeout occurs\n        \"\"\"\n        screen = None\n        stacktrace = None\n    \n        end_time = time.monotonic() + self._timeout\n        while True:\n            try:\n                value = method(self._driver)\n                if value:\n                    return value\n            except self._ignored_exceptions as exc:\n                screen = getattr(exc, \"screen\", None)\n                stacktrace = getattr(exc, \"stacktrace\", None)\n            time.sleep(self._poll)\n            if time.monotonic() > end_time:\n                break\n>       raise TimeoutException(message, screen, stacktrace)\nE       selenium.common.exceptions.TimeoutException: Message: Can't find element by locator ('xpath', '//a[@title=\"Речевые упражнения\"]')\nE       Stacktrace:\nE       #0 0x5609f4d68f83 <unknown>\nE       #1 0x5609f4a21cf7 <unknown>\nE       #2 0x5609f4a7199e <unknown>\nE       #3 0x5609f4a71aa1 <unknown>\nE       #4 0x5609f4abcd64 <unknown>\nE       #5 0x5609f4a9b0dd <unknown>\nE       #6 0x5609f4aba006 <unknown>\nE       #7 0x5609f4a9ae53 <unknown>\nE       #8 0x5609f4a62dd4 <unknown>\nE       #9 0x5609f4a641de <unknown>\nE       #10 0x5609f4d2d531 <unknown>\nE       #11 0x5609f4d31455 <unknown>\nE       #12 0x5609f4d19f55 <unknown>\nE       #13 0x5609f4d320ef <unknown>\nE       #14 0x5609f4cfd99f <unknown>\nE       #15 0x5609f4d56008 <unknown>\nE       #16 0x5609f4d561d7 <unknown>\nE       #17 0x5609f4d68124 <unknown>\nE       #18 0x7ff141094ac3 <unknown>\n\n/opt/hostedtoolcache/Python/3.12.1/x64/lib/python3.12/site-packages/selenium/webdriver/support/wait.py:95: TimeoutException",
    "steps" : [ {
      "name" : "Check element is visible and clickable: ('xpath', '//a[@id=\"ember11\"]')",
      "time" : {
        "start" : 1706317980547,
        "stop" : 1706317980583,
        "duration" : 36
      },
      "status" : "passed",
      "steps" : [ {
        "name" : "Check element is clickable",
        "time" : {
          "start" : 1706317980564,
          "stop" : 1706317980583,
          "duration" : 19
        },
        "status" : "passed",
        "steps" : [ {
          "name" : "Check elements are clickable: ('xpath', '//a[@id=\"ember11\"]')",
          "time" : {
            "start" : 1706317980564,
            "stop" : 1706317980583,
            "duration" : 19
          },
          "status" : "passed",
          "steps" : [ ],
          "attachments" : [ ],
          "parameters" : [ ],
          "attachmentsCount" : 0,
          "shouldDisplayMessage" : false,
          "stepsCount" : 0,
          "hasContent" : false
        } ],
        "attachments" : [ ],
        "parameters" : [ {
          "name" : "locator",
          "value" : "('xpath', '//a[@id=\"ember11\"]')"
        } ],
        "attachmentsCount" : 0,
        "shouldDisplayMessage" : false,
        "stepsCount" : 1,
        "hasContent" : true
      } ],
      "attachments" : [ ],
      "parameters" : [ ],
      "attachmentsCount" : 0,
      "shouldDisplayMessage" : false,
      "stepsCount" : 2,
      "hasContent" : true
    }, {
      "name" : "Check url is presence: https://brainup.site/login",
      "time" : {
        "start" : 1706317980630,
        "stop" : 1706317980635,
        "duration" : 5
      },
      "status" : "passed",
      "steps" : [ ],
      "attachments" : [ ],
      "parameters" : [ ],
      "attachmentsCount" : 0,
      "shouldDisplayMessage" : false,
      "stepsCount" : 0,
      "hasContent" : false
    }, {
      "name" : "Check element is presence: ('xpath', '//input[@id=\"login\"]')",
      "time" : {
        "start" : 1706317980635,
        "stop" : 1706317980645,
        "duration" : 10
      },
      "status" : "passed",
      "steps" : [ ],
      "attachments" : [ ],
      "parameters" : [ ],
      "attachmentsCount" : 0,
      "shouldDisplayMessage" : false,
      "stepsCount" : 0,
      "hasContent" : false
    }, {
      "name" : "Check element is presence: ('xpath', '//input[@id=\"password\"]')",
      "time" : {
        "start" : 1706317980699,
        "stop" : 1706317980707,
        "duration" : 8
      },
      "status" : "passed",
      "steps" : [ ],
      "attachments" : [ ],
      "parameters" : [ ],
      "attachmentsCount" : 0,
      "shouldDisplayMessage" : false,
      "stepsCount" : 0,
      "hasContent" : false
    }, {
      "name" : "Check element is visible and clickable: ('xpath', '//*[@type=\"submit\"]')",
      "time" : {
        "start" : 1706317980750,
        "stop" : 1706317980782,
        "duration" : 32
      },
      "status" : "passed",
      "steps" : [ {
        "name" : "Check element is clickable",
        "time" : {
          "start" : 1706317980766,
          "stop" : 1706317980782,
          "duration" : 16
        },
        "status" : "passed",
        "steps" : [ {
          "name" : "Check elements are clickable: ('xpath', '//*[@type=\"submit\"]')",
          "time" : {
            "start" : 1706317980766,
            "stop" : 1706317980782,
            "duration" : 16
          },
          "status" : "passed",
          "steps" : [ ],
          "attachments" : [ ],
          "parameters" : [ ],
          "attachmentsCount" : 0,
          "shouldDisplayMessage" : false,
          "stepsCount" : 0,
          "hasContent" : false
        } ],
        "attachments" : [ ],
        "parameters" : [ {
          "name" : "locator",
          "value" : "('xpath', '//*[@type=\"submit\"]')"
        } ],
        "attachmentsCount" : 0,
        "shouldDisplayMessage" : false,
        "stepsCount" : 1,
        "hasContent" : true
      } ],
      "attachments" : [ ],
      "parameters" : [ ],
      "attachmentsCount" : 0,
      "shouldDisplayMessage" : false,
      "stepsCount" : 2,
      "hasContent" : true
    }, {
      "name" : "Check url is presence: https://brainup.site/groups",
      "time" : {
        "start" : 1706317980815,
        "stop" : 1706317982833,
        "duration" : 2018
      },
      "status" : "passed",
      "steps" : [ ],
      "attachments" : [ ],
      "parameters" : [ ],
      "attachmentsCount" : 0,
      "shouldDisplayMessage" : false,
      "stepsCount" : 0,
      "hasContent" : false
    }, {
      "name" : "Check element is visible and clickable: ('xpath', '//a[@title=\"Речевые упражнения\"]')",
      "time" : {
        "start" : 1706317982835,
        "stop" : 1706317993050,
        "duration" : 10215
      },
      "status" : "broken",
      "statusMessage" : "selenium.common.exceptions.TimeoutException: Message: Can't find element by locator ('xpath', '//a[@title=\"Речевые упражнения\"]')\nStacktrace:\n#0 0x5609f4d68f83 <unknown>\n#1 0x5609f4a21cf7 <unknown>\n#2 0x5609f4a7199e <unknown>\n#3 0x5609f4a71aa1 <unknown>\n#4 0x5609f4abcd64 <unknown>\n#5 0x5609f4a9b0dd <unknown>\n#6 0x5609f4aba006 <unknown>\n#7 0x5609f4a9ae53 <unknown>\n#8 0x5609f4a62dd4 <unknown>\n#9 0x5609f4a641de <unknown>\n#10 0x5609f4d2d531 <unknown>\n#11 0x5609f4d31455 <unknown>\n#12 0x5609f4d19f55 <unknown>\n#13 0x5609f4d320ef <unknown>\n#14 0x5609f4cfd99f <unknown>\n#15 0x5609f4d56008 <unknown>\n#16 0x5609f4d561d7 <unknown>\n#17 0x5609f4d68124 <unknown>\n#18 0x7ff141094ac3 <unknown>\n\n",
      "statusTrace" : "  File \"/home/runner/work/brainup_auto-tests-python/brainup_auto-tests-python/pages/base_page.py\", line 29, in element_is_presence_and_clickable\n    return (Wait(self.driver, self.timeout).until(ec.visibility_of_element_located(locator),\n            ^^^^^^^^^^^^^^^^^^^^^^^^^^^^^^^^^^^^^^^^^^^^^^^^^^^^^^^^^^^^^^^^^^^^^^^^^^^^^^^^\n  File \"/opt/hostedtoolcache/Python/3.12.1/x64/lib/python3.12/site-packages/selenium/webdriver/support/wait.py\", line 95, in until\n    raise TimeoutException(message, screen, stacktrace)\n",
      "steps" : [ ],
      "attachments" : [ ],
      "parameters" : [ ],
      "attachmentsCount" : 0,
      "shouldDisplayMessage" : true,
      "stepsCount" : 0,
      "hasContent" : true
    } ],
    "attachments" : [ {
      "uid" : "6e283f515ca9bc66",
      "name" : "Screenshot",
      "source" : "6e283f515ca9bc66.png",
      "type" : "image/png",
      "size" : 117850
    }, {
      "uid" : "6fb5b9f7d0bff8a5",
      "name" : "HTML source",
      "source" : "6fb5b9f7d0bff8a5.html",
      "type" : "text/html",
      "size" : 33550
    } ],
    "parameters" : [ ],
    "attachmentsCount" : 2,
    "shouldDisplayMessage" : true,
    "stepsCount" : 11,
    "hasContent" : true
  },
  "afterStages" : [ {
    "name" : "driver::0",
    "time" : {
      "start" : 1706317993223,
      "stop" : 1706317993418,
      "duration" : 195
    },
    "status" : "passed",
    "steps" : [ ],
    "attachments" : [ {
      "uid" : "6a3e1c1df51ed35d",
      "name" : "Screenshot 2024-01-27 01:13:13.356265",
      "source" : "6a3e1c1df51ed35d.png",
      "type" : "image/png",
      "size" : 117850
    } ],
    "parameters" : [ ],
    "attachmentsCount" : 1,
    "shouldDisplayMessage" : false,
    "stepsCount" : 0,
    "hasContent" : true
  } ],
  "labels" : [ {
    "name" : "epic",
    "value" : "Exercises"
  }, {
    "name" : "tag",
    "value" : "@pytest.mark.xfail(reason='Can't find element by locator ('xpath', '//a[@title='Речевые упражнения']')')"
  }, {
    "name" : "parentSuite",
    "value" : "tests"
  }, {
    "name" : "suite",
    "value" : "login_page_test"
  }, {
    "name" : "subSuite",
    "value" : "TestTask"
  }, {
    "name" : "host",
    "value" : "fv-az520-539"
  }, {
    "name" : "thread",
    "value" : "2089-MainThread"
  }, {
    "name" : "framework",
    "value" : "pytest"
  }, {
    "name" : "language",
    "value" : "cpython3"
  }, {
    "name" : "package",
    "value" : "tests.login_page_test"
  }, {
    "name" : "resultFormat",
    "value" : "allure2"
  } ],
  "parameters" : [ ],
  "links" : [ ],
  "hidden" : false,
  "retry" : false,
  "extra" : {
    "severity" : "normal",
    "retries" : [ ],
    "categories" : [ ],
    "history" : {
      "statistic" : {
        "failed" : 0,
        "broken" : 2,
        "skipped" : 45,
        "passed" : 0,
        "unknown" : 0,
        "total" : 47
      },
      "items" : [ {
        "uid" : "5eea2db055ef5f36",
        "status" : "skipped",
        "statusDetails" : "XFAIL Can't find element by locator ('xpath', '//a[@title='Речевые упражнения']')\n\nselenium.common.exceptions.TimeoutException: Message: Can't find element by locator ('xpath', '//a[@title=\"Речевые упражнения\"]')\nStacktrace:\n#0 0x55a3316aff83 <unknown>\n#1 0x55a331368cf7 <unknown>\n#2 0x55a3313b899e <unknown>\n#3 0x55a3313b8aa1 <unknown>\n#4 0x55a331403d64 <unknown>\n#5 0x55a3313e20dd <unknown>\n#6 0x55a331401006 <unknown>\n#7 0x55a3313e1e53 <unknown>\n#8 0x55a3313a9dd4 <unknown>\n#9 0x55a3313ab1de <unknown>\n#10 0x55a331674531 <unknown>\n#11 0x55a331678455 <unknown>\n#12 0x55a331660f55 <unknown>\n#13 0x55a3316790ef <unknown>\n#14 0x55a33164499f <unknown>\n#15 0x55a33169d008 <unknown>\n#16 0x55a33169d1d7 <unknown>\n#17 0x55a3316af124 <unknown>\n#18 0x7fdadb894ac3 <unknown>",
        "time" : {
          "start" : 1706231718037,
          "stop" : 1706231732043,
          "duration" : 14006
        }
      }, {
        "uid" : "ee109b7f1a64dc13",
        "status" : "skipped",
        "statusDetails" : "XFAIL Can't find element by locator ('xpath', '//a[@title='Речевые упражнения']')\n\nselenium.common.exceptions.TimeoutException: Message: Can't find element by locator ('xpath', '//a[@title=\"Речевые упражнения\"]')\nStacktrace:\n#0 0x55f41f07df83 <unknown>\n#1 0x55f41ed36cf7 <unknown>\n#2 0x55f41ed8699e <unknown>\n#3 0x55f41ed86aa1 <unknown>\n#4 0x55f41edd1d64 <unknown>\n#5 0x55f41edb00dd <unknown>\n#6 0x55f41edcf006 <unknown>\n#7 0x55f41edafe53 <unknown>\n#8 0x55f41ed77dd4 <unknown>\n#9 0x55f41ed791de <unknown>\n#10 0x55f41f042531 <unknown>\n#11 0x55f41f046455 <unknown>\n#12 0x55f41f02ef55 <unknown>\n#13 0x55f41f0470ef <unknown>\n#14 0x55f41f01299f <unknown>\n#15 0x55f41f06b008 <unknown>\n#16 0x55f41f06b1d7 <unknown>\n#17 0x55f41f07d124 <unknown>\n#18 0x7f2a94c94ac3 <unknown>",
        "time" : {
          "start" : 1706145683772,
          "stop" : 1706145697791,
          "duration" : 14019
        }
      }, {
        "uid" : "7fd59f2ddd9bc6b2",
        "status" : "skipped",
        "statusDetails" : "XFAIL Can't find element by locator ('xpath', '//a[@title='Речевые упражнения']')\n\nselenium.common.exceptions.TimeoutException: Message: Can't find element by locator ('xpath', '//a[@title=\"Речевые упражнения\"]')\nStacktrace:\n#0 0x55c9a11e8f83 <unknown>\n#1 0x55c9a0ea1cf7 <unknown>\n#2 0x55c9a0ef199e <unknown>\n#3 0x55c9a0ef1aa1 <unknown>\n#4 0x55c9a0f3cd64 <unknown>\n#5 0x55c9a0f1b0dd <unknown>\n#6 0x55c9a0f3a006 <unknown>\n#7 0x55c9a0f1ae53 <unknown>\n#8 0x55c9a0ee2dd4 <unknown>\n#9 0x55c9a0ee41de <unknown>\n#10 0x55c9a11ad531 <unknown>\n#11 0x55c9a11b1455 <unknown>\n#12 0x55c9a1199f55 <unknown>\n#13 0x55c9a11b20ef <unknown>\n#14 0x55c9a117d99f <unknown>\n#15 0x55c9a11d6008 <unknown>\n#16 0x55c9a11d61d7 <unknown>\n#17 0x55c9a11e8124 <unknown>\n#18 0x7f5d7d494ac3 <unknown>",
        "time" : {
          "start" : 1706059272727,
          "stop" : 1706059285234,
          "duration" : 12507
        }
      }, {
        "uid" : "55d8673c648ed762",
        "status" : "skipped",
        "statusDetails" : "XFAIL Can't find element by locator ('xpath', '//a[@title='Речевые упражнения']')\n\nselenium.common.exceptions.TimeoutException: Message: Can't find element by locator ('xpath', '//a[@title=\"Речевые упражнения\"]')\nStacktrace:\n#0 0x55b32d829f83 <unknown>\n#1 0x55b32d4e2cf7 <unknown>\n#2 0x55b32d53299e <unknown>\n#3 0x55b32d532aa1 <unknown>\n#4 0x55b32d57dd64 <unknown>\n#5 0x55b32d55c0dd <unknown>\n#6 0x55b32d57b006 <unknown>\n#7 0x55b32d55be53 <unknown>\n#8 0x55b32d523dd4 <unknown>\n#9 0x55b32d5251de <unknown>\n#10 0x55b32d7ee531 <unknown>\n#11 0x55b32d7f2455 <unknown>\n#12 0x55b32d7daf55 <unknown>\n#13 0x55b32d7f30ef <unknown>\n#14 0x55b32d7be99f <unknown>\n#15 0x55b32d817008 <unknown>\n#16 0x55b32d8171d7 <unknown>\n#17 0x55b32d829124 <unknown>\n#18 0x7f89f7494ac3 <unknown>",
        "time" : {
          "start" : 1705972869636,
          "stop" : 1705972882169,
          "duration" : 12533
        }
      }, {
        "uid" : "3422dcc88c044f8d",
        "status" : "skipped",
        "statusDetails" : "XFAIL Can't find element by locator ('xpath', '//a[@title='Речевые упражнения']')\n\nselenium.common.exceptions.TimeoutException: Message: Can't find element by locator ('xpath', '//a[@title=\"Речевые упражнения\"]')\nStacktrace:\n#0 0x55b223d2cf83 <unknown>\n#1 0x55b2239e5cf7 <unknown>\n#2 0x55b223a3599e <unknown>\n#3 0x55b223a35aa1 <unknown>\n#4 0x55b223a80d64 <unknown>\n#5 0x55b223a5f0dd <unknown>\n#6 0x55b223a7e006 <unknown>\n#7 0x55b223a5ee53 <unknown>\n#8 0x55b223a26dd4 <unknown>\n#9 0x55b223a281de <unknown>\n#10 0x55b223cf1531 <unknown>\n#11 0x55b223cf5455 <unknown>\n#12 0x55b223cddf55 <unknown>\n#13 0x55b223cf60ef <unknown>\n#14 0x55b223cc199f <unknown>\n#15 0x55b223d1a008 <unknown>\n#16 0x55b223d1a1d7 <unknown>\n#17 0x55b223d2c124 <unknown>\n#18 0x7f181c094ac3 <unknown>",
        "time" : {
          "start" : 1705886596664,
          "stop" : 1705886609863,
          "duration" : 13199
        }
      }, {
        "uid" : "99d167f3f1a7f1de",
        "status" : "skipped",
        "statusDetails" : "XFAIL Can't find element by locator ('xpath', '//a[@title='Речевые упражнения']')\n\nselenium.common.exceptions.TimeoutException: Message: Can't find element by locator ('xpath', '//a[@title=\"Речевые упражнения\"]')\nStacktrace:\n#0 0x55c9a4119f83 <unknown>\n#1 0x55c9a3dd2cf7 <unknown>\n#2 0x55c9a3e2299e <unknown>\n#3 0x55c9a3e22aa1 <unknown>\n#4 0x55c9a3e6dd64 <unknown>\n#5 0x55c9a3e4c0dd <unknown>\n#6 0x55c9a3e6b006 <unknown>\n#7 0x55c9a3e4be53 <unknown>\n#8 0x55c9a3e13dd4 <unknown>\n#9 0x55c9a3e151de <unknown>\n#10 0x55c9a40de531 <unknown>\n#11 0x55c9a40e2455 <unknown>\n#12 0x55c9a40caf55 <unknown>\n#13 0x55c9a40e30ef <unknown>\n#14 0x55c9a40ae99f <unknown>\n#15 0x55c9a4107008 <unknown>\n#16 0x55c9a41071d7 <unknown>\n#17 0x55c9a4119124 <unknown>\n#18 0x7fc4e7894ac3 <unknown>",
        "time" : {
          "start" : 1705800336033,
          "stop" : 1705800350086,
          "duration" : 14053
        }
      }, {
        "uid" : "bec7a323a81bcd89",
        "status" : "skipped",
        "statusDetails" : "XFAIL Can't find element by locator ('xpath', '//a[@title='Речевые упражнения']')\n\nselenium.common.exceptions.TimeoutException: Message: Can't find element by locator ('xpath', '//a[@title=\"Речевые упражнения\"]')\nStacktrace:\n#0 0x55b3dc4d3f83 <unknown>\n#1 0x55b3dc18ccf7 <unknown>\n#2 0x55b3dc1dc99e <unknown>\n#3 0x55b3dc1dcaa1 <unknown>\n#4 0x55b3dc227d64 <unknown>\n#5 0x55b3dc2060dd <unknown>\n#6 0x55b3dc225006 <unknown>\n#7 0x55b3dc205e53 <unknown>\n#8 0x55b3dc1cddd4 <unknown>\n#9 0x55b3dc1cf1de <unknown>\n#10 0x55b3dc498531 <unknown>\n#11 0x55b3dc49c455 <unknown>\n#12 0x55b3dc484f55 <unknown>\n#13 0x55b3dc49d0ef <unknown>\n#14 0x55b3dc46899f <unknown>\n#15 0x55b3dc4c1008 <unknown>\n#16 0x55b3dc4c11d7 <unknown>\n#17 0x55b3dc4d3124 <unknown>\n#18 0x7f755d494ac3 <unknown>",
        "time" : {
          "start" : 1705713566091,
          "stop" : 1705713578590,
          "duration" : 12499
        }
      }, {
        "uid" : "564d6be40c160e1e",
        "status" : "skipped",
        "statusDetails" : "XFAIL Can't find element by locator ('xpath', '//a[@title='Речевые упражнения']')\n\nselenium.common.exceptions.TimeoutException: Message: Can't find element by locator ('xpath', '//a[@title=\"Речевые упражнения\"]')\nStacktrace:\n#0 0x555fe4d55f83 <unknown>\n#1 0x555fe4a0ecf7 <unknown>\n#2 0x555fe4a5e99e <unknown>\n#3 0x555fe4a5eaa1 <unknown>\n#4 0x555fe4aa9d64 <unknown>\n#5 0x555fe4a880dd <unknown>\n#6 0x555fe4aa7006 <unknown>\n#7 0x555fe4a87e53 <unknown>\n#8 0x555fe4a4fdd4 <unknown>\n#9 0x555fe4a511de <unknown>\n#10 0x555fe4d1a531 <unknown>\n#11 0x555fe4d1e455 <unknown>\n#12 0x555fe4d06f55 <unknown>\n#13 0x555fe4d1f0ef <unknown>\n#14 0x555fe4cea99f <unknown>\n#15 0x555fe4d43008 <unknown>\n#16 0x555fe4d431d7 <unknown>\n#17 0x555fe4d55124 <unknown>\n#18 0x7f4aaf694ac3 <unknown>",
        "time" : {
          "start" : 1705627233246,
          "stop" : 1705627245724,
          "duration" : 12478
        }
      }, {
        "uid" : "13dfb895b3d8c816",
        "status" : "skipped",
        "statusDetails" : "XFAIL Can't find element by locator ('xpath', '//a[@title='Речевые упражнения']')\n\nselenium.common.exceptions.TimeoutException: Message: Can't find element by locator ('xpath', '//a[@title=\"Речевые упражнения\"]')\nStacktrace:\n#0 0x55d1a6557f83 <unknown>\n#1 0x55d1a6210cf7 <unknown>\n#2 0x55d1a626099e <unknown>\n#3 0x55d1a6260aa1 <unknown>\n#4 0x55d1a62abd64 <unknown>\n#5 0x55d1a628a0dd <unknown>\n#6 0x55d1a62a9006 <unknown>\n#7 0x55d1a6289e53 <unknown>\n#8 0x55d1a6251dd4 <unknown>\n#9 0x55d1a62531de <unknown>\n#10 0x55d1a651c531 <unknown>\n#11 0x55d1a6520455 <unknown>\n#12 0x55d1a6508f55 <unknown>\n#13 0x55d1a65210ef <unknown>\n#14 0x55d1a64ec99f <unknown>\n#15 0x55d1a6545008 <unknown>\n#16 0x55d1a65451d7 <unknown>\n#17 0x55d1a6557124 <unknown>\n#18 0x7f8160c94ac3 <unknown>",
        "time" : {
          "start" : 1705540780403,
          "stop" : 1705540793407,
          "duration" : 13004
        }
      }, {
        "uid" : "9a1cf76337544f91",
        "status" : "skipped",
        "statusDetails" : "XFAIL Can't find element by locator ('xpath', '//a[@title='Речевые упражнения']')\n\nselenium.common.exceptions.TimeoutException: Message: Can't find element by locator ('xpath', '//a[@title=\"Речевые упражнения\"]')\nStacktrace:\n#0 0x5555ef50cf83 <unknown>\n#1 0x5555ef1c5cf7 <unknown>\n#2 0x5555ef21599e <unknown>\n#3 0x5555ef215aa1 <unknown>\n#4 0x5555ef260d64 <unknown>\n#5 0x5555ef23f0dd <unknown>\n#6 0x5555ef25e006 <unknown>\n#7 0x5555ef23ee53 <unknown>\n#8 0x5555ef206dd4 <unknown>\n#9 0x5555ef2081de <unknown>\n#10 0x5555ef4d1531 <unknown>\n#11 0x5555ef4d5455 <unknown>\n#12 0x5555ef4bdf55 <unknown>\n#13 0x5555ef4d60ef <unknown>\n#14 0x5555ef4a199f <unknown>\n#15 0x5555ef4fa008 <unknown>\n#16 0x5555ef4fa1d7 <unknown>\n#17 0x5555ef50c124 <unknown>\n#18 0x7feaf0494ac3 <unknown>",
        "time" : {
          "start" : 1705454450414,
          "stop" : 1705454463005,
          "duration" : 12591
        }
      }, {
        "uid" : "e1395a63c869322c",
        "status" : "skipped",
        "statusDetails" : "XFAIL Can't find element by locator ('xpath', '//a[@title='Речевые упражнения']')\n\nselenium.common.exceptions.TimeoutException: Message: Can't find element by locator ('xpath', '//a[@title=\"Речевые упражнения\"]')\nStacktrace:\n#0 0x55a310ebbf83 <unknown>\n#1 0x55a310b74cf7 <unknown>\n#2 0x55a310bc499e <unknown>\n#3 0x55a310bc4aa1 <unknown>\n#4 0x55a310c0fd64 <unknown>\n#5 0x55a310bee0dd <unknown>\n#6 0x55a310c0d006 <unknown>\n#7 0x55a310bede53 <unknown>\n#8 0x55a310bb5dd4 <unknown>\n#9 0x55a310bb71de <unknown>\n#10 0x55a310e80531 <unknown>\n#11 0x55a310e84455 <unknown>\n#12 0x55a310e6cf55 <unknown>\n#13 0x55a310e850ef <unknown>\n#14 0x55a310e5099f <unknown>\n#15 0x55a310ea9008 <unknown>\n#16 0x55a310ea91d7 <unknown>\n#17 0x55a310ebb124 <unknown>\n#18 0x7f428ae94ac3 <unknown>",
        "time" : {
          "start" : 1705367975846,
          "stop" : 1705367988356,
          "duration" : 12510
        }
      }, {
        "uid" : "47dc710fc439ef2",
        "status" : "skipped",
        "statusDetails" : "XFAIL Can't find element by locator ('xpath', '//a[@title='Речевые упражнения']')\n\nselenium.common.exceptions.TimeoutException: Message: Can't find element by locator ('xpath', '//a[@title=\"Речевые упражнения\"]')\nStacktrace:\n#0 0x55f044d95f83 <unknown>\n#1 0x55f044a4ecf7 <unknown>\n#2 0x55f044a9e99e <unknown>\n#3 0x55f044a9eaa1 <unknown>\n#4 0x55f044ae9d64 <unknown>\n#5 0x55f044ac80dd <unknown>\n#6 0x55f044ae7006 <unknown>\n#7 0x55f044ac7e53 <unknown>\n#8 0x55f044a8fdd4 <unknown>\n#9 0x55f044a911de <unknown>\n#10 0x55f044d5a531 <unknown>\n#11 0x55f044d5e455 <unknown>\n#12 0x55f044d46f55 <unknown>\n#13 0x55f044d5f0ef <unknown>\n#14 0x55f044d2a99f <unknown>\n#15 0x55f044d83008 <unknown>\n#16 0x55f044d831d7 <unknown>\n#17 0x55f044d95124 <unknown>\n#18 0x7f0028494ac3 <unknown>",
        "time" : {
          "start" : 1705281724346,
          "stop" : 1705281737347,
          "duration" : 13001
        }
      }, {
        "uid" : "c75484ea52d56478",
        "status" : "skipped",
        "statusDetails" : "XFAIL Can't find element by locator ('xpath', '//a[@title='Речевые упражнения']')\n\nselenium.common.exceptions.TimeoutException: Message: Can't find element by locator ('xpath', '//a[@title=\"Речевые упражнения\"]')\nStacktrace:\n#0 0x55670f813f83 <unknown>\n#1 0x55670f4cccf7 <unknown>\n#2 0x55670f51c99e <unknown>\n#3 0x55670f51caa1 <unknown>\n#4 0x55670f567d64 <unknown>\n#5 0x55670f5460dd <unknown>\n#6 0x55670f565006 <unknown>\n#7 0x55670f545e53 <unknown>\n#8 0x55670f50ddd4 <unknown>\n#9 0x55670f50f1de <unknown>\n#10 0x55670f7d8531 <unknown>\n#11 0x55670f7dc455 <unknown>\n#12 0x55670f7c4f55 <unknown>\n#13 0x55670f7dd0ef <unknown>\n#14 0x55670f7a899f <unknown>\n#15 0x55670f801008 <unknown>\n#16 0x55670f8011d7 <unknown>\n#17 0x55670f813124 <unknown>\n#18 0x7feb73294ac3 <unknown>",
        "time" : {
          "start" : 1705195516459,
          "stop" : 1705195529446,
          "duration" : 12987
        }
      }, {
        "uid" : "ad4d37ee53a31722",
        "status" : "skipped",
        "statusDetails" : "XFAIL Can't find element by locator ('xpath', '//a[@title='Речевые упражнения']')\n\nselenium.common.exceptions.TimeoutException: Message: Can't find element by locator ('xpath', '//a[@title=\"Речевые упражнения\"]')\nStacktrace:\n#0 0x556f06b80f83 <unknown>\n#1 0x556f06839cf7 <unknown>\n#2 0x556f0688999e <unknown>\n#3 0x556f06889aa1 <unknown>\n#4 0x556f068d4d64 <unknown>\n#5 0x556f068b30dd <unknown>\n#6 0x556f068d2006 <unknown>\n#7 0x556f068b2e53 <unknown>\n#8 0x556f0687add4 <unknown>\n#9 0x556f0687c1de <unknown>\n#10 0x556f06b45531 <unknown>\n#11 0x556f06b49455 <unknown>\n#12 0x556f06b31f55 <unknown>\n#13 0x556f06b4a0ef <unknown>\n#14 0x556f06b1599f <unknown>\n#15 0x556f06b6e008 <unknown>\n#16 0x556f06b6e1d7 <unknown>\n#17 0x556f06b80124 <unknown>\n#18 0x7f3481894ac3 <unknown>",
        "time" : {
          "start" : 1705108737839,
          "stop" : 1705108750841,
          "duration" : 13002
        }
      }, {
        "uid" : "f818ff044947bc1c",
        "status" : "skipped",
        "statusDetails" : "XFAIL Can't find element by locator ('xpath', '//a[@title='Речевые упражнения']')\n\nselenium.common.exceptions.TimeoutException: Message: Can't find element by locator ('xpath', '//a[@title=\"Речевые упражнения\"]')\nStacktrace:\n#0 0x56550f31cf83 <unknown>\n#1 0x56550efd5cf7 <unknown>\n#2 0x56550f02599e <unknown>\n#3 0x56550f025aa1 <unknown>\n#4 0x56550f070d64 <unknown>\n#5 0x56550f04f0dd <unknown>\n#6 0x56550f06e006 <unknown>\n#7 0x56550f04ee53 <unknown>\n#8 0x56550f016dd4 <unknown>\n#9 0x56550f0181de <unknown>\n#10 0x56550f2e1531 <unknown>\n#11 0x56550f2e5455 <unknown>\n#12 0x56550f2cdf55 <unknown>\n#13 0x56550f2e60ef <unknown>\n#14 0x56550f2b199f <unknown>\n#15 0x56550f30a008 <unknown>\n#16 0x56550f30a1d7 <unknown>\n#17 0x56550f31c124 <unknown>\n#18 0x7fd690c94ac3 <unknown>",
        "time" : {
          "start" : 1705022412569,
          "stop" : 1705022426061,
          "duration" : 13492
        }
      }, {
        "uid" : "c49893983f16c1d",
        "status" : "skipped",
        "statusDetails" : "XFAIL Can't find element by locator ('xpath', '//a[@title='Речевые упражнения']')\n\nselenium.common.exceptions.TimeoutException: Message: Can't find element by locator ('xpath', '//a[@title=\"Речевые упражнения\"]')\nStacktrace:\n#0 0x557f80519f83 <unknown>\n#1 0x557f801d2cf7 <unknown>\n#2 0x557f8022299e <unknown>\n#3 0x557f80222aa1 <unknown>\n#4 0x557f8026dd64 <unknown>\n#5 0x557f8024c0dd <unknown>\n#6 0x557f8026b006 <unknown>\n#7 0x557f8024be53 <unknown>\n#8 0x557f80213dd4 <unknown>\n#9 0x557f802151de <unknown>\n#10 0x557f804de531 <unknown>\n#11 0x557f804e2455 <unknown>\n#12 0x557f804caf55 <unknown>\n#13 0x557f804e30ef <unknown>\n#14 0x557f804ae99f <unknown>\n#15 0x557f80507008 <unknown>\n#16 0x557f805071d7 <unknown>\n#17 0x557f80519124 <unknown>\n#18 0x7f9760c94ac3 <unknown>",
        "time" : {
          "start" : 1704935997302,
          "stop" : 1704936009784,
          "duration" : 12482
        }
      }, {
        "uid" : "3845375b00f0c94d",
        "status" : "skipped",
        "statusDetails" : "XFAIL Can't find element by locator ('xpath', '//a[@title='Речевые упражнения']')\n\nselenium.common.exceptions.TimeoutException: Message: Can't find element by locator ('xpath', '//a[@title=\"Речевые упражнения\"]')\nStacktrace:\n#0 0x55bb0e9add33 <unknown>\n#1 0x55bb0e66af87 <unknown>\n#2 0x55bb0e6bac0e <unknown>\n#3 0x55bb0e6bad11 <unknown>\n#4 0x55bb0e706004 <unknown>\n#5 0x55bb0e6e436d <unknown>\n#6 0x55bb0e703297 <unknown>\n#7 0x55bb0e6e40e3 <unknown>\n#8 0x55bb0e6ac044 <unknown>\n#9 0x55bb0e6ad44e <unknown>\n#10 0x55bb0e972861 <unknown>\n#11 0x55bb0e976785 <unknown>\n#12 0x55bb0e960285 <unknown>\n#13 0x55bb0e97741f <unknown>\n#14 0x55bb0e94420f <unknown>\n#15 0x55bb0e99b028 <unknown>\n#16 0x55bb0e99b1f7 <unknown>\n#17 0x55bb0e9aced4 <unknown>\n#18 0x7fa9fba94ac3 <unknown>",
        "time" : {
          "start" : 1704849598642,
          "stop" : 1704849611646,
          "duration" : 13004
        }
      }, {
        "uid" : "10947bb28c702a5b",
        "status" : "skipped",
        "statusDetails" : "XFAIL Can't find element by locator ('xpath', '//a[@title='Речевые упражнения']')\n\nselenium.common.exceptions.TimeoutException: Message: Can't find element by locator ('xpath', '//a[@title=\"Речевые упражнения\"]')\nStacktrace:\n#0 0x557929468d33 <unknown>\n#1 0x557929125f87 <unknown>\n#2 0x557929175c0e <unknown>\n#3 0x557929175d11 <unknown>\n#4 0x5579291c1004 <unknown>\n#5 0x55792919f36d <unknown>\n#6 0x5579291be297 <unknown>\n#7 0x55792919f0e3 <unknown>\n#8 0x557929167044 <unknown>\n#9 0x55792916844e <unknown>\n#10 0x55792942d861 <unknown>\n#11 0x557929431785 <unknown>\n#12 0x55792941b285 <unknown>\n#13 0x55792943241f <unknown>\n#14 0x5579293ff20f <unknown>\n#15 0x557929456028 <unknown>\n#16 0x5579294561f7 <unknown>\n#17 0x557929467ed4 <unknown>\n#18 0x7f3a4a894ac3 <unknown>",
        "time" : {
          "start" : 1704763191488,
          "stop" : 1704763204600,
          "duration" : 13112
        }
      }, {
        "uid" : "d6a8c52b90cfe71c",
        "status" : "skipped",
        "statusDetails" : "XFAIL Can't find element by locator ('xpath', '//a[@title='Речевые упражнения']')\n\nselenium.common.exceptions.TimeoutException: Message: Can't find element by locator ('xpath', '//a[@title=\"Речевые упражнения\"]')\nStacktrace:\n#0 0x555ad844ed33 <unknown>\n#1 0x555ad810bf87 <unknown>\n#2 0x555ad815bc0e <unknown>\n#3 0x555ad815bd11 <unknown>\n#4 0x555ad81a7004 <unknown>\n#5 0x555ad818536d <unknown>\n#6 0x555ad81a4297 <unknown>\n#7 0x555ad81850e3 <unknown>\n#8 0x555ad814d044 <unknown>\n#9 0x555ad814e44e <unknown>\n#10 0x555ad8413861 <unknown>\n#11 0x555ad8417785 <unknown>\n#12 0x555ad8401285 <unknown>\n#13 0x555ad841841f <unknown>\n#14 0x555ad83e520f <unknown>\n#15 0x555ad843c028 <unknown>\n#16 0x555ad843c1f7 <unknown>\n#17 0x555ad844ded4 <unknown>\n#18 0x7f9271c94ac3 <unknown>",
        "time" : {
          "start" : 1704676793614,
          "stop" : 1704676806775,
          "duration" : 13161
        }
      }, {
        "uid" : "bf915f441c77db23",
        "status" : "skipped",
        "statusDetails" : "XFAIL Can't find element by locator ('xpath', '//a[@title='Речевые упражнения']')\n\nselenium.common.exceptions.TimeoutException: Message: Can't find element by locator ('xpath', '//a[@title=\"Речевые упражнения\"]')\nStacktrace:\n#0 0x558174cefd33 <unknown>\n#1 0x5581749acf87 <unknown>\n#2 0x5581749fcc0e <unknown>\n#3 0x5581749fcd11 <unknown>\n#4 0x558174a48004 <unknown>\n#5 0x558174a2636d <unknown>\n#6 0x558174a45297 <unknown>\n#7 0x558174a260e3 <unknown>\n#8 0x5581749ee044 <unknown>\n#9 0x5581749ef44e <unknown>\n#10 0x558174cb4861 <unknown>\n#11 0x558174cb8785 <unknown>\n#12 0x558174ca2285 <unknown>\n#13 0x558174cb941f <unknown>\n#14 0x558174c8620f <unknown>\n#15 0x558174cdd028 <unknown>\n#16 0x558174cdd1f7 <unknown>\n#17 0x558174ceeed4 <unknown>\n#18 0x7f911a494ac3 <unknown>",
        "time" : {
          "start" : 1704590693784,
          "stop" : 1704590706280,
          "duration" : 12496
        }
      } ]
    },
    "tags" : [ "@pytest.mark.xfail(reason='Can't find element by locator ('xpath', '//a[@title='Речевые упражнения']')')" ]
  },
  "source" : "2788941ed0b407c1.json",
  "parameterValues" : [ ]
}