{
  "uid" : "47dc710fc439ef2",
  "name" : "test_task",
  "fullName" : "tests.login_page_test.TestTask#test_task",
  "historyId" : "a5aee721d258482e20909245f826af9a",
  "time" : {
    "start" : 1705281724346,
    "stop" : 1705281737347,
    "duration" : 13001
  },
  "status" : "skipped",
  "statusMessage" : "XFAIL Can't find element by locator ('xpath', '//a[@title='Речевые упражнения']')\n\nselenium.common.exceptions.TimeoutException: Message: Can't find element by locator ('xpath', '//a[@title=\"Речевые упражнения\"]')\nStacktrace:\n#0 0x55f044d95f83 <unknown>\n#1 0x55f044a4ecf7 <unknown>\n#2 0x55f044a9e99e <unknown>\n#3 0x55f044a9eaa1 <unknown>\n#4 0x55f044ae9d64 <unknown>\n#5 0x55f044ac80dd <unknown>\n#6 0x55f044ae7006 <unknown>\n#7 0x55f044ac7e53 <unknown>\n#8 0x55f044a8fdd4 <unknown>\n#9 0x55f044a911de <unknown>\n#10 0x55f044d5a531 <unknown>\n#11 0x55f044d5e455 <unknown>\n#12 0x55f044d46f55 <unknown>\n#13 0x55f044d5f0ef <unknown>\n#14 0x55f044d2a99f <unknown>\n#15 0x55f044d83008 <unknown>\n#16 0x55f044d831d7 <unknown>\n#17 0x55f044d95124 <unknown>\n#18 0x7f0028494ac3 <unknown>",
  "statusTrace" : "self = <tests.login_page_test.TestTask object at 0x7f65b70a06b0>\ndriver = <selenium.webdriver.chrome.webdriver.WebDriver (session=\"4bd0fbbae43f7e36d3ec298eac0849d3\")>\nmain_page_open = None\n\n    @pytest.mark.xfail(reason=\"Can't find element by locator ('xpath', '//a[@title='Речевые упражнения']')\")\n    def test_task(self, driver, main_page_open):\n        page = LoginPage(driver)\n        page.login_user()\n    \n        page = AuthorizedUserHomePage(driver)\n>       page.click_speech_exercises()\n\ntests/login_page_test.py:29: \n_ _ _ _ _ _ _ _ _ _ _ _ _ _ _ _ _ _ _ _ _ _ _ _ _ _ _ _ _ _ _ _ _ _ _ _ _ _ _ _ \npages/autorized_user_home_page.py:9: in click_speech_exercises\n    self.element_is_presence_and_clickable(self.locators.SPEECH_EXERCISES).click()\npages/base_page.py:29: in element_is_presence_and_clickable\n    return (Wait(self.driver, self.timeout).until(ec.visibility_of_element_located(locator),\n_ _ _ _ _ _ _ _ _ _ _ _ _ _ _ _ _ _ _ _ _ _ _ _ _ _ _ _ _ _ _ _ _ _ _ _ _ _ _ _ \n\nself = <selenium.webdriver.support.wait.WebDriverWait (session=\"4bd0fbbae43f7e36d3ec298eac0849d3\")>\nmethod = <function visibility_of_element_located.<locals>._predicate at 0x7f65b6fa56c0>\nmessage = 'Can\\'t find element by locator (\\'xpath\\', \\'//a[@title=\"Речевые упражнения\"]\\')'\n\n    def until(self, method, message: str = \"\"):\n        \"\"\"Calls the method provided with the driver as an argument until the \\\n        return value does not evaluate to ``False``.\n    \n        :param method: callable(WebDriver)\n        :param message: optional message for :exc:`TimeoutException`\n        :returns: the result of the last call to `method`\n        :raises: :exc:`selenium.common.exceptions.TimeoutException` if timeout occurs\n        \"\"\"\n        screen = None\n        stacktrace = None\n    \n        end_time = time.monotonic() + self._timeout\n        while True:\n            try:\n                value = method(self._driver)\n                if value:\n                    return value\n            except self._ignored_exceptions as exc:\n                screen = getattr(exc, \"screen\", None)\n                stacktrace = getattr(exc, \"stacktrace\", None)\n            time.sleep(self._poll)\n            if time.monotonic() > end_time:\n                break\n>       raise TimeoutException(message, screen, stacktrace)\nE       selenium.common.exceptions.TimeoutException: Message: Can't find element by locator ('xpath', '//a[@title=\"Речевые упражнения\"]')\nE       Stacktrace:\nE       #0 0x55f044d95f83 <unknown>\nE       #1 0x55f044a4ecf7 <unknown>\nE       #2 0x55f044a9e99e <unknown>\nE       #3 0x55f044a9eaa1 <unknown>\nE       #4 0x55f044ae9d64 <unknown>\nE       #5 0x55f044ac80dd <unknown>\nE       #6 0x55f044ae7006 <unknown>\nE       #7 0x55f044ac7e53 <unknown>\nE       #8 0x55f044a8fdd4 <unknown>\nE       #9 0x55f044a911de <unknown>\nE       #10 0x55f044d5a531 <unknown>\nE       #11 0x55f044d5e455 <unknown>\nE       #12 0x55f044d46f55 <unknown>\nE       #13 0x55f044d5f0ef <unknown>\nE       #14 0x55f044d2a99f <unknown>\nE       #15 0x55f044d83008 <unknown>\nE       #16 0x55f044d831d7 <unknown>\nE       #17 0x55f044d95124 <unknown>\nE       #18 0x7f0028494ac3 <unknown>\n\n/opt/hostedtoolcache/Python/3.12.1/x64/lib/python3.12/site-packages/selenium/webdriver/support/wait.py:95: TimeoutException",
  "flaky" : false,
  "newFailed" : false,
  "beforeStages" : [ {
    "name" : "driver",
    "time" : {
      "start" : 1705281720908,
      "stop" : 1705281721680,
      "duration" : 772
    },
    "status" : "passed",
    "steps" : [ ],
    "attachments" : [ ],
    "parameters" : [ ],
    "attachmentsCount" : 0,
    "shouldDisplayMessage" : false,
    "hasContent" : false,
    "stepsCount" : 0
  }, {
    "name" : "clear_allure_results_folder",
    "time" : {
      "start" : 1705281711847,
      "stop" : 1705281711847,
      "duration" : 0
    },
    "status" : "passed",
    "steps" : [ ],
    "attachments" : [ ],
    "parameters" : [ ],
    "attachmentsCount" : 0,
    "shouldDisplayMessage" : false,
    "hasContent" : false,
    "stepsCount" : 0
  }, {
    "name" : "main_page_open",
    "time" : {
      "start" : 1705281721680,
      "stop" : 1705281724345,
      "duration" : 2665
    },
    "status" : "passed",
    "steps" : [ ],
    "attachments" : [ ],
    "parameters" : [ ],
    "attachmentsCount" : 0,
    "shouldDisplayMessage" : false,
    "hasContent" : false,
    "stepsCount" : 0
  } ],
  "testStage" : {
    "status" : "skipped",
    "statusMessage" : "XFAIL Can't find element by locator ('xpath', '//a[@title='Речевые упражнения']')\n\nselenium.common.exceptions.TimeoutException: Message: Can't find element by locator ('xpath', '//a[@title=\"Речевые упражнения\"]')\nStacktrace:\n#0 0x55f044d95f83 <unknown>\n#1 0x55f044a4ecf7 <unknown>\n#2 0x55f044a9e99e <unknown>\n#3 0x55f044a9eaa1 <unknown>\n#4 0x55f044ae9d64 <unknown>\n#5 0x55f044ac80dd <unknown>\n#6 0x55f044ae7006 <unknown>\n#7 0x55f044ac7e53 <unknown>\n#8 0x55f044a8fdd4 <unknown>\n#9 0x55f044a911de <unknown>\n#10 0x55f044d5a531 <unknown>\n#11 0x55f044d5e455 <unknown>\n#12 0x55f044d46f55 <unknown>\n#13 0x55f044d5f0ef <unknown>\n#14 0x55f044d2a99f <unknown>\n#15 0x55f044d83008 <unknown>\n#16 0x55f044d831d7 <unknown>\n#17 0x55f044d95124 <unknown>\n#18 0x7f0028494ac3 <unknown>",
    "statusTrace" : "self = <tests.login_page_test.TestTask object at 0x7f65b70a06b0>\ndriver = <selenium.webdriver.chrome.webdriver.WebDriver (session=\"4bd0fbbae43f7e36d3ec298eac0849d3\")>\nmain_page_open = None\n\n    @pytest.mark.xfail(reason=\"Can't find element by locator ('xpath', '//a[@title='Речевые упражнения']')\")\n    def test_task(self, driver, main_page_open):\n        page = LoginPage(driver)\n        page.login_user()\n    \n        page = AuthorizedUserHomePage(driver)\n>       page.click_speech_exercises()\n\ntests/login_page_test.py:29: \n_ _ _ _ _ _ _ _ _ _ _ _ _ _ _ _ _ _ _ _ _ _ _ _ _ _ _ _ _ _ _ _ _ _ _ _ _ _ _ _ \npages/autorized_user_home_page.py:9: in click_speech_exercises\n    self.element_is_presence_and_clickable(self.locators.SPEECH_EXERCISES).click()\npages/base_page.py:29: in element_is_presence_and_clickable\n    return (Wait(self.driver, self.timeout).until(ec.visibility_of_element_located(locator),\n_ _ _ _ _ _ _ _ _ _ _ _ _ _ _ _ _ _ _ _ _ _ _ _ _ _ _ _ _ _ _ _ _ _ _ _ _ _ _ _ \n\nself = <selenium.webdriver.support.wait.WebDriverWait (session=\"4bd0fbbae43f7e36d3ec298eac0849d3\")>\nmethod = <function visibility_of_element_located.<locals>._predicate at 0x7f65b6fa56c0>\nmessage = 'Can\\'t find element by locator (\\'xpath\\', \\'//a[@title=\"Речевые упражнения\"]\\')'\n\n    def until(self, method, message: str = \"\"):\n        \"\"\"Calls the method provided with the driver as an argument until the \\\n        return value does not evaluate to ``False``.\n    \n        :param method: callable(WebDriver)\n        :param message: optional message for :exc:`TimeoutException`\n        :returns: the result of the last call to `method`\n        :raises: :exc:`selenium.common.exceptions.TimeoutException` if timeout occurs\n        \"\"\"\n        screen = None\n        stacktrace = None\n    \n        end_time = time.monotonic() + self._timeout\n        while True:\n            try:\n                value = method(self._driver)\n                if value:\n                    return value\n            except self._ignored_exceptions as exc:\n                screen = getattr(exc, \"screen\", None)\n                stacktrace = getattr(exc, \"stacktrace\", None)\n            time.sleep(self._poll)\n            if time.monotonic() > end_time:\n                break\n>       raise TimeoutException(message, screen, stacktrace)\nE       selenium.common.exceptions.TimeoutException: Message: Can't find element by locator ('xpath', '//a[@title=\"Речевые упражнения\"]')\nE       Stacktrace:\nE       #0 0x55f044d95f83 <unknown>\nE       #1 0x55f044a4ecf7 <unknown>\nE       #2 0x55f044a9e99e <unknown>\nE       #3 0x55f044a9eaa1 <unknown>\nE       #4 0x55f044ae9d64 <unknown>\nE       #5 0x55f044ac80dd <unknown>\nE       #6 0x55f044ae7006 <unknown>\nE       #7 0x55f044ac7e53 <unknown>\nE       #8 0x55f044a8fdd4 <unknown>\nE       #9 0x55f044a911de <unknown>\nE       #10 0x55f044d5a531 <unknown>\nE       #11 0x55f044d5e455 <unknown>\nE       #12 0x55f044d46f55 <unknown>\nE       #13 0x55f044d5f0ef <unknown>\nE       #14 0x55f044d2a99f <unknown>\nE       #15 0x55f044d83008 <unknown>\nE       #16 0x55f044d831d7 <unknown>\nE       #17 0x55f044d95124 <unknown>\nE       #18 0x7f0028494ac3 <unknown>\n\n/opt/hostedtoolcache/Python/3.12.1/x64/lib/python3.12/site-packages/selenium/webdriver/support/wait.py:95: TimeoutException",
    "steps" : [ {
      "name" : "Check element is visible and clickable: ('xpath', '//a[@id=\"ember11\"]')",
      "time" : {
        "start" : 1705281724346,
        "stop" : 1705281724383,
        "duration" : 37
      },
      "status" : "passed",
      "steps" : [ {
        "name" : "Check element is clickable",
        "time" : {
          "start" : 1705281724364,
          "stop" : 1705281724383,
          "duration" : 19
        },
        "status" : "passed",
        "steps" : [ {
          "name" : "Check elements are clickable: ('xpath', '//a[@id=\"ember11\"]')",
          "time" : {
            "start" : 1705281724364,
            "stop" : 1705281724383,
            "duration" : 19
          },
          "status" : "passed",
          "steps" : [ ],
          "attachments" : [ ],
          "parameters" : [ ],
          "attachmentsCount" : 0,
          "shouldDisplayMessage" : false,
          "hasContent" : false,
          "stepsCount" : 0
        } ],
        "attachments" : [ ],
        "parameters" : [ {
          "name" : "locator",
          "value" : "('xpath', '//a[@id=\"ember11\"]')"
        } ],
        "attachmentsCount" : 0,
        "shouldDisplayMessage" : false,
        "hasContent" : true,
        "stepsCount" : 1
      } ],
      "attachments" : [ ],
      "parameters" : [ ],
      "attachmentsCount" : 0,
      "shouldDisplayMessage" : false,
      "hasContent" : true,
      "stepsCount" : 2
    }, {
      "name" : "Check url is presence: https://brainup.site/login",
      "time" : {
        "start" : 1705281724431,
        "stop" : 1705281724437,
        "duration" : 6
      },
      "status" : "passed",
      "steps" : [ ],
      "attachments" : [ ],
      "parameters" : [ ],
      "attachmentsCount" : 0,
      "shouldDisplayMessage" : false,
      "hasContent" : false,
      "stepsCount" : 0
    }, {
      "name" : "Check element is presence: ('xpath', '//input[@id=\"login\"]')",
      "time" : {
        "start" : 1705281724437,
        "stop" : 1705281724446,
        "duration" : 9
      },
      "status" : "passed",
      "steps" : [ ],
      "attachments" : [ ],
      "parameters" : [ ],
      "attachmentsCount" : 0,
      "shouldDisplayMessage" : false,
      "hasContent" : false,
      "stepsCount" : 0
    }, {
      "name" : "Check element is presence: ('xpath', '//input[@id=\"password\"]')",
      "time" : {
        "start" : 1705281724501,
        "stop" : 1705281724509,
        "duration" : 8
      },
      "status" : "passed",
      "steps" : [ ],
      "attachments" : [ ],
      "parameters" : [ ],
      "attachmentsCount" : 0,
      "shouldDisplayMessage" : false,
      "hasContent" : false,
      "stepsCount" : 0
    }, {
      "name" : "Check element is visible and clickable: ('xpath', '//*[@type=\"submit\"]')",
      "time" : {
        "start" : 1705281724553,
        "stop" : 1705281724584,
        "duration" : 31
      },
      "status" : "passed",
      "steps" : [ {
        "name" : "Check element is clickable",
        "time" : {
          "start" : 1705281724568,
          "stop" : 1705281724584,
          "duration" : 16
        },
        "status" : "passed",
        "steps" : [ {
          "name" : "Check elements are clickable: ('xpath', '//*[@type=\"submit\"]')",
          "time" : {
            "start" : 1705281724568,
            "stop" : 1705281724584,
            "duration" : 16
          },
          "status" : "passed",
          "steps" : [ ],
          "attachments" : [ ],
          "parameters" : [ ],
          "attachmentsCount" : 0,
          "shouldDisplayMessage" : false,
          "hasContent" : false,
          "stepsCount" : 0
        } ],
        "attachments" : [ ],
        "parameters" : [ {
          "name" : "locator",
          "value" : "('xpath', '//*[@type=\"submit\"]')"
        } ],
        "attachmentsCount" : 0,
        "shouldDisplayMessage" : false,
        "hasContent" : true,
        "stepsCount" : 1
      } ],
      "attachments" : [ ],
      "parameters" : [ ],
      "attachmentsCount" : 0,
      "shouldDisplayMessage" : false,
      "hasContent" : true,
      "stepsCount" : 2
    }, {
      "name" : "Check url is presence: https://brainup.site/groups",
      "time" : {
        "start" : 1705281724618,
        "stop" : 1705281727149,
        "duration" : 2531
      },
      "status" : "passed",
      "steps" : [ ],
      "attachments" : [ ],
      "parameters" : [ ],
      "attachmentsCount" : 0,
      "shouldDisplayMessage" : false,
      "hasContent" : false,
      "stepsCount" : 0
    }, {
      "name" : "Check element is visible and clickable: ('xpath', '//a[@title=\"Речевые упражнения\"]')",
      "time" : {
        "start" : 1705281727151,
        "stop" : 1705281737346,
        "duration" : 10195
      },
      "status" : "broken",
      "statusMessage" : "selenium.common.exceptions.TimeoutException: Message: Can't find element by locator ('xpath', '//a[@title=\"Речевые упражнения\"]')\nStacktrace:\n#0 0x55f044d95f83 <unknown>\n#1 0x55f044a4ecf7 <unknown>\n#2 0x55f044a9e99e <unknown>\n#3 0x55f044a9eaa1 <unknown>\n#4 0x55f044ae9d64 <unknown>\n#5 0x55f044ac80dd <unknown>\n#6 0x55f044ae7006 <unknown>\n#7 0x55f044ac7e53 <unknown>\n#8 0x55f044a8fdd4 <unknown>\n#9 0x55f044a911de <unknown>\n#10 0x55f044d5a531 <unknown>\n#11 0x55f044d5e455 <unknown>\n#12 0x55f044d46f55 <unknown>\n#13 0x55f044d5f0ef <unknown>\n#14 0x55f044d2a99f <unknown>\n#15 0x55f044d83008 <unknown>\n#16 0x55f044d831d7 <unknown>\n#17 0x55f044d95124 <unknown>\n#18 0x7f0028494ac3 <unknown>\n\n",
      "statusTrace" : "  File \"/home/runner/work/brainup_auto-tests-python/brainup_auto-tests-python/pages/base_page.py\", line 29, in element_is_presence_and_clickable\n    return (Wait(self.driver, self.timeout).until(ec.visibility_of_element_located(locator),\n            ^^^^^^^^^^^^^^^^^^^^^^^^^^^^^^^^^^^^^^^^^^^^^^^^^^^^^^^^^^^^^^^^^^^^^^^^^^^^^^^^\n  File \"/opt/hostedtoolcache/Python/3.12.1/x64/lib/python3.12/site-packages/selenium/webdriver/support/wait.py\", line 95, in until\n    raise TimeoutException(message, screen, stacktrace)\n",
      "steps" : [ ],
      "attachments" : [ ],
      "parameters" : [ ],
      "attachmentsCount" : 0,
      "shouldDisplayMessage" : true,
      "hasContent" : true,
      "stepsCount" : 0
    } ],
    "attachments" : [ {
      "uid" : "8f16cfa8e983bdc7",
      "name" : "Screenshot",
      "source" : "8f16cfa8e983bdc7.png",
      "type" : "image/png",
      "size" : 117850
    }, {
      "uid" : "4b76d844533b230a",
      "name" : "HTML source",
      "source" : "4b76d844533b230a.html",
      "type" : "text/html",
      "size" : 33594
    } ],
    "parameters" : [ ],
    "attachmentsCount" : 2,
    "shouldDisplayMessage" : true,
    "hasContent" : true,
    "stepsCount" : 11
  },
  "afterStages" : [ {
    "name" : "driver::0",
    "time" : {
      "start" : 1705281737508,
      "stop" : 1705281737700,
      "duration" : 192
    },
    "status" : "passed",
    "steps" : [ ],
    "attachments" : [ {
      "uid" : "bc8fc071706e46f5",
      "name" : "Screenshot 2024-01-15 01:22:17.636750",
      "source" : "bc8fc071706e46f5.png",
      "type" : "image/png",
      "size" : 117850
    } ],
    "parameters" : [ ],
    "attachmentsCount" : 1,
    "shouldDisplayMessage" : false,
    "hasContent" : true,
    "stepsCount" : 0
  } ],
  "labels" : [ {
    "name" : "epic",
    "value" : "Exercises"
  }, {
    "name" : "tag",
    "value" : "@pytest.mark.xfail(reason='Can't find element by locator ('xpath', '//a[@title='Речевые упражнения']')')"
  }, {
    "name" : "parentSuite",
    "value" : "tests"
  }, {
    "name" : "suite",
    "value" : "login_page_test"
  }, {
    "name" : "subSuite",
    "value" : "TestTask"
  }, {
    "name" : "host",
    "value" : "fv-az842-769"
  }, {
    "name" : "thread",
    "value" : "1797-MainThread"
  }, {
    "name" : "framework",
    "value" : "pytest"
  }, {
    "name" : "language",
    "value" : "cpython3"
  }, {
    "name" : "package",
    "value" : "tests.login_page_test"
  }, {
    "name" : "resultFormat",
    "value" : "allure2"
  } ],
  "parameters" : [ ],
  "links" : [ ],
  "hidden" : false,
  "retry" : false,
  "extra" : {
    "severity" : "normal",
    "retries" : [ ],
    "categories" : [ ],
    "history" : {
      "statistic" : {
        "failed" : 0,
        "broken" : 2,
        "skipped" : 33,
        "passed" : 0,
        "unknown" : 0,
        "total" : 35
      },
      "items" : [ {
        "uid" : "c75484ea52d56478",
        "status" : "skipped",
        "statusDetails" : "XFAIL Can't find element by locator ('xpath', '//a[@title='Речевые упражнения']')\n\nselenium.common.exceptions.TimeoutException: Message: Can't find element by locator ('xpath', '//a[@title=\"Речевые упражнения\"]')\nStacktrace:\n#0 0x55670f813f83 <unknown>\n#1 0x55670f4cccf7 <unknown>\n#2 0x55670f51c99e <unknown>\n#3 0x55670f51caa1 <unknown>\n#4 0x55670f567d64 <unknown>\n#5 0x55670f5460dd <unknown>\n#6 0x55670f565006 <unknown>\n#7 0x55670f545e53 <unknown>\n#8 0x55670f50ddd4 <unknown>\n#9 0x55670f50f1de <unknown>\n#10 0x55670f7d8531 <unknown>\n#11 0x55670f7dc455 <unknown>\n#12 0x55670f7c4f55 <unknown>\n#13 0x55670f7dd0ef <unknown>\n#14 0x55670f7a899f <unknown>\n#15 0x55670f801008 <unknown>\n#16 0x55670f8011d7 <unknown>\n#17 0x55670f813124 <unknown>\n#18 0x7feb73294ac3 <unknown>",
        "time" : {
          "start" : 1705195516459,
          "stop" : 1705195529446,
          "duration" : 12987
        }
      }, {
        "uid" : "ad4d37ee53a31722",
        "status" : "skipped",
        "statusDetails" : "XFAIL Can't find element by locator ('xpath', '//a[@title='Речевые упражнения']')\n\nselenium.common.exceptions.TimeoutException: Message: Can't find element by locator ('xpath', '//a[@title=\"Речевые упражнения\"]')\nStacktrace:\n#0 0x556f06b80f83 <unknown>\n#1 0x556f06839cf7 <unknown>\n#2 0x556f0688999e <unknown>\n#3 0x556f06889aa1 <unknown>\n#4 0x556f068d4d64 <unknown>\n#5 0x556f068b30dd <unknown>\n#6 0x556f068d2006 <unknown>\n#7 0x556f068b2e53 <unknown>\n#8 0x556f0687add4 <unknown>\n#9 0x556f0687c1de <unknown>\n#10 0x556f06b45531 <unknown>\n#11 0x556f06b49455 <unknown>\n#12 0x556f06b31f55 <unknown>\n#13 0x556f06b4a0ef <unknown>\n#14 0x556f06b1599f <unknown>\n#15 0x556f06b6e008 <unknown>\n#16 0x556f06b6e1d7 <unknown>\n#17 0x556f06b80124 <unknown>\n#18 0x7f3481894ac3 <unknown>",
        "time" : {
          "start" : 1705108737839,
          "stop" : 1705108750841,
          "duration" : 13002
        }
      }, {
        "uid" : "f818ff044947bc1c",
        "status" : "skipped",
        "statusDetails" : "XFAIL Can't find element by locator ('xpath', '//a[@title='Речевые упражнения']')\n\nselenium.common.exceptions.TimeoutException: Message: Can't find element by locator ('xpath', '//a[@title=\"Речевые упражнения\"]')\nStacktrace:\n#0 0x56550f31cf83 <unknown>\n#1 0x56550efd5cf7 <unknown>\n#2 0x56550f02599e <unknown>\n#3 0x56550f025aa1 <unknown>\n#4 0x56550f070d64 <unknown>\n#5 0x56550f04f0dd <unknown>\n#6 0x56550f06e006 <unknown>\n#7 0x56550f04ee53 <unknown>\n#8 0x56550f016dd4 <unknown>\n#9 0x56550f0181de <unknown>\n#10 0x56550f2e1531 <unknown>\n#11 0x56550f2e5455 <unknown>\n#12 0x56550f2cdf55 <unknown>\n#13 0x56550f2e60ef <unknown>\n#14 0x56550f2b199f <unknown>\n#15 0x56550f30a008 <unknown>\n#16 0x56550f30a1d7 <unknown>\n#17 0x56550f31c124 <unknown>\n#18 0x7fd690c94ac3 <unknown>",
        "time" : {
          "start" : 1705022412569,
          "stop" : 1705022426061,
          "duration" : 13492
        }
      }, {
        "uid" : "c49893983f16c1d",
        "status" : "skipped",
        "statusDetails" : "XFAIL Can't find element by locator ('xpath', '//a[@title='Речевые упражнения']')\n\nselenium.common.exceptions.TimeoutException: Message: Can't find element by locator ('xpath', '//a[@title=\"Речевые упражнения\"]')\nStacktrace:\n#0 0x557f80519f83 <unknown>\n#1 0x557f801d2cf7 <unknown>\n#2 0x557f8022299e <unknown>\n#3 0x557f80222aa1 <unknown>\n#4 0x557f8026dd64 <unknown>\n#5 0x557f8024c0dd <unknown>\n#6 0x557f8026b006 <unknown>\n#7 0x557f8024be53 <unknown>\n#8 0x557f80213dd4 <unknown>\n#9 0x557f802151de <unknown>\n#10 0x557f804de531 <unknown>\n#11 0x557f804e2455 <unknown>\n#12 0x557f804caf55 <unknown>\n#13 0x557f804e30ef <unknown>\n#14 0x557f804ae99f <unknown>\n#15 0x557f80507008 <unknown>\n#16 0x557f805071d7 <unknown>\n#17 0x557f80519124 <unknown>\n#18 0x7f9760c94ac3 <unknown>",
        "time" : {
          "start" : 1704935997302,
          "stop" : 1704936009784,
          "duration" : 12482
        }
      }, {
        "uid" : "3845375b00f0c94d",
        "status" : "skipped",
        "statusDetails" : "XFAIL Can't find element by locator ('xpath', '//a[@title='Речевые упражнения']')\n\nselenium.common.exceptions.TimeoutException: Message: Can't find element by locator ('xpath', '//a[@title=\"Речевые упражнения\"]')\nStacktrace:\n#0 0x55bb0e9add33 <unknown>\n#1 0x55bb0e66af87 <unknown>\n#2 0x55bb0e6bac0e <unknown>\n#3 0x55bb0e6bad11 <unknown>\n#4 0x55bb0e706004 <unknown>\n#5 0x55bb0e6e436d <unknown>\n#6 0x55bb0e703297 <unknown>\n#7 0x55bb0e6e40e3 <unknown>\n#8 0x55bb0e6ac044 <unknown>\n#9 0x55bb0e6ad44e <unknown>\n#10 0x55bb0e972861 <unknown>\n#11 0x55bb0e976785 <unknown>\n#12 0x55bb0e960285 <unknown>\n#13 0x55bb0e97741f <unknown>\n#14 0x55bb0e94420f <unknown>\n#15 0x55bb0e99b028 <unknown>\n#16 0x55bb0e99b1f7 <unknown>\n#17 0x55bb0e9aced4 <unknown>\n#18 0x7fa9fba94ac3 <unknown>",
        "time" : {
          "start" : 1704849598642,
          "stop" : 1704849611646,
          "duration" : 13004
        }
      }, {
        "uid" : "10947bb28c702a5b",
        "status" : "skipped",
        "statusDetails" : "XFAIL Can't find element by locator ('xpath', '//a[@title='Речевые упражнения']')\n\nselenium.common.exceptions.TimeoutException: Message: Can't find element by locator ('xpath', '//a[@title=\"Речевые упражнения\"]')\nStacktrace:\n#0 0x557929468d33 <unknown>\n#1 0x557929125f87 <unknown>\n#2 0x557929175c0e <unknown>\n#3 0x557929175d11 <unknown>\n#4 0x5579291c1004 <unknown>\n#5 0x55792919f36d <unknown>\n#6 0x5579291be297 <unknown>\n#7 0x55792919f0e3 <unknown>\n#8 0x557929167044 <unknown>\n#9 0x55792916844e <unknown>\n#10 0x55792942d861 <unknown>\n#11 0x557929431785 <unknown>\n#12 0x55792941b285 <unknown>\n#13 0x55792943241f <unknown>\n#14 0x5579293ff20f <unknown>\n#15 0x557929456028 <unknown>\n#16 0x5579294561f7 <unknown>\n#17 0x557929467ed4 <unknown>\n#18 0x7f3a4a894ac3 <unknown>",
        "time" : {
          "start" : 1704763191488,
          "stop" : 1704763204600,
          "duration" : 13112
        }
      }, {
        "uid" : "d6a8c52b90cfe71c",
        "status" : "skipped",
        "statusDetails" : "XFAIL Can't find element by locator ('xpath', '//a[@title='Речевые упражнения']')\n\nselenium.common.exceptions.TimeoutException: Message: Can't find element by locator ('xpath', '//a[@title=\"Речевые упражнения\"]')\nStacktrace:\n#0 0x555ad844ed33 <unknown>\n#1 0x555ad810bf87 <unknown>\n#2 0x555ad815bc0e <unknown>\n#3 0x555ad815bd11 <unknown>\n#4 0x555ad81a7004 <unknown>\n#5 0x555ad818536d <unknown>\n#6 0x555ad81a4297 <unknown>\n#7 0x555ad81850e3 <unknown>\n#8 0x555ad814d044 <unknown>\n#9 0x555ad814e44e <unknown>\n#10 0x555ad8413861 <unknown>\n#11 0x555ad8417785 <unknown>\n#12 0x555ad8401285 <unknown>\n#13 0x555ad841841f <unknown>\n#14 0x555ad83e520f <unknown>\n#15 0x555ad843c028 <unknown>\n#16 0x555ad843c1f7 <unknown>\n#17 0x555ad844ded4 <unknown>\n#18 0x7f9271c94ac3 <unknown>",
        "time" : {
          "start" : 1704676793614,
          "stop" : 1704676806775,
          "duration" : 13161
        }
      }, {
        "uid" : "bf915f441c77db23",
        "status" : "skipped",
        "statusDetails" : "XFAIL Can't find element by locator ('xpath', '//a[@title='Речевые упражнения']')\n\nselenium.common.exceptions.TimeoutException: Message: Can't find element by locator ('xpath', '//a[@title=\"Речевые упражнения\"]')\nStacktrace:\n#0 0x558174cefd33 <unknown>\n#1 0x5581749acf87 <unknown>\n#2 0x5581749fcc0e <unknown>\n#3 0x5581749fcd11 <unknown>\n#4 0x558174a48004 <unknown>\n#5 0x558174a2636d <unknown>\n#6 0x558174a45297 <unknown>\n#7 0x558174a260e3 <unknown>\n#8 0x5581749ee044 <unknown>\n#9 0x5581749ef44e <unknown>\n#10 0x558174cb4861 <unknown>\n#11 0x558174cb8785 <unknown>\n#12 0x558174ca2285 <unknown>\n#13 0x558174cb941f <unknown>\n#14 0x558174c8620f <unknown>\n#15 0x558174cdd028 <unknown>\n#16 0x558174cdd1f7 <unknown>\n#17 0x558174ceeed4 <unknown>\n#18 0x7f911a494ac3 <unknown>",
        "time" : {
          "start" : 1704590693784,
          "stop" : 1704590706280,
          "duration" : 12496
        }
      }, {
        "uid" : "496d545e6b7bdf4a",
        "status" : "skipped",
        "statusDetails" : "XFAIL Can't find element by locator ('xpath', '//a[@title='Речевые упражнения']')\n\nselenium.common.exceptions.TimeoutException: Message: Can't find element by locator ('xpath', '//a[@title=\"Речевые упражнения\"]')\nStacktrace:\n#0 0x5606e6dfcd33 <unknown>\n#1 0x5606e6ab9f87 <unknown>\n#2 0x5606e6b09c0e <unknown>\n#3 0x5606e6b09d11 <unknown>\n#4 0x5606e6b55004 <unknown>\n#5 0x5606e6b3336d <unknown>\n#6 0x5606e6b52297 <unknown>\n#7 0x5606e6b330e3 <unknown>\n#8 0x5606e6afb044 <unknown>\n#9 0x5606e6afc44e <unknown>\n#10 0x5606e6dc1861 <unknown>\n#11 0x5606e6dc5785 <unknown>\n#12 0x5606e6daf285 <unknown>\n#13 0x5606e6dc641f <unknown>\n#14 0x5606e6d9320f <unknown>\n#15 0x5606e6dea028 <unknown>\n#16 0x5606e6dea1f7 <unknown>\n#17 0x5606e6dfbed4 <unknown>\n#18 0x7fe513094ac3 <unknown>",
        "time" : {
          "start" : 1704503875053,
          "stop" : 1704503887673,
          "duration" : 12620
        }
      }, {
        "uid" : "6e76cac00f93954c",
        "status" : "skipped",
        "statusDetails" : "XFAIL Can't find element by locator ('xpath', '//a[@title='Речевые упражнения']')\n\nselenium.common.exceptions.TimeoutException: Message: Can't find element by locator ('xpath', '//a[@title=\"Речевые упражнения\"]')\nStacktrace:\n#0 0x55c8a82b2d33 <unknown>\n#1 0x55c8a7f6ff87 <unknown>\n#2 0x55c8a7fbfc0e <unknown>\n#3 0x55c8a7fbfd11 <unknown>\n#4 0x55c8a800b004 <unknown>\n#5 0x55c8a7fe936d <unknown>\n#6 0x55c8a8008297 <unknown>\n#7 0x55c8a7fe90e3 <unknown>\n#8 0x55c8a7fb1044 <unknown>\n#9 0x55c8a7fb244e <unknown>\n#10 0x55c8a8277861 <unknown>\n#11 0x55c8a827b785 <unknown>\n#12 0x55c8a8265285 <unknown>\n#13 0x55c8a827c41f <unknown>\n#14 0x55c8a824920f <unknown>\n#15 0x55c8a82a0028 <unknown>\n#16 0x55c8a82a01f7 <unknown>\n#17 0x55c8a82b1ed4 <unknown>\n#18 0x7f9d5a494ac3 <unknown>",
        "time" : {
          "start" : 1704417507099,
          "stop" : 1704417519587,
          "duration" : 12488
        }
      }, {
        "uid" : "209a54f0154ed9d7",
        "status" : "skipped",
        "statusDetails" : "XFAIL Can't find element by locator ('xpath', '//a[@title='Речевые упражнения']')\n\nselenium.common.exceptions.TimeoutException: Message: Can't find element by locator ('xpath', '//a[@title=\"Речевые упражнения\"]')\nStacktrace:\n#0 0x55bcacdebd33 <unknown>\n#1 0x55bcacaa8f87 <unknown>\n#2 0x55bcacaf8c0e <unknown>\n#3 0x55bcacaf8d11 <unknown>\n#4 0x55bcacb44004 <unknown>\n#5 0x55bcacb2236d <unknown>\n#6 0x55bcacb41297 <unknown>\n#7 0x55bcacb220e3 <unknown>\n#8 0x55bcacaea044 <unknown>\n#9 0x55bcacaeb44e <unknown>\n#10 0x55bcacdb0861 <unknown>\n#11 0x55bcacdb4785 <unknown>\n#12 0x55bcacd9e285 <unknown>\n#13 0x55bcacdb541f <unknown>\n#14 0x55bcacd8220f <unknown>\n#15 0x55bcacdd9028 <unknown>\n#16 0x55bcacdd91f7 <unknown>\n#17 0x55bcacdeaed4 <unknown>\n#18 0x7f4f1c294ac3 <unknown>",
        "time" : {
          "start" : 1704331083063,
          "stop" : 1704331096213,
          "duration" : 13150
        }
      }, {
        "uid" : "f39d7667ee1d7d17",
        "status" : "skipped",
        "statusDetails" : "XFAIL Can't find element by locator ('xpath', '//a[@title='Речевые упражнения']')\n\nselenium.common.exceptions.TimeoutException: Message: Can't find element by locator ('xpath', '//a[@title=\"Речевые упражнения\"]')\nStacktrace:\n#0 0x55bfbe924d33 <unknown>\n#1 0x55bfbe5e1f87 <unknown>\n#2 0x55bfbe631c0e <unknown>\n#3 0x55bfbe631d11 <unknown>\n#4 0x55bfbe67d004 <unknown>\n#5 0x55bfbe65b36d <unknown>\n#6 0x55bfbe67a297 <unknown>\n#7 0x55bfbe65b0e3 <unknown>\n#8 0x55bfbe623044 <unknown>\n#9 0x55bfbe62444e <unknown>\n#10 0x55bfbe8e9861 <unknown>\n#11 0x55bfbe8ed785 <unknown>\n#12 0x55bfbe8d7285 <unknown>\n#13 0x55bfbe8ee41f <unknown>\n#14 0x55bfbe8bb20f <unknown>\n#15 0x55bfbe912028 <unknown>\n#16 0x55bfbe9121f7 <unknown>\n#17 0x55bfbe923ed4 <unknown>\n#18 0x7f6c62c94ac3 <unknown>",
        "time" : {
          "start" : 1704244656190,
          "stop" : 1704244668686,
          "duration" : 12496
        }
      }, {
        "uid" : "51ad3335eb441501",
        "status" : "skipped",
        "statusDetails" : "XFAIL Can't find element by locator ('xpath', '//a[@title='Речевые упражнения']')\n\nselenium.common.exceptions.TimeoutException: Message: Can't find element by locator ('xpath', '//a[@title=\"Речевые упражнения\"]')\nStacktrace:\n#0 0x56436c507d33 <unknown>\n#1 0x56436c1c4f87 <unknown>\n#2 0x56436c214c0e <unknown>\n#3 0x56436c214d11 <unknown>\n#4 0x56436c260004 <unknown>\n#5 0x56436c23e36d <unknown>\n#6 0x56436c25d297 <unknown>\n#7 0x56436c23e0e3 <unknown>\n#8 0x56436c206044 <unknown>\n#9 0x56436c20744e <unknown>\n#10 0x56436c4cc861 <unknown>\n#11 0x56436c4d0785 <unknown>\n#12 0x56436c4ba285 <unknown>\n#13 0x56436c4d141f <unknown>\n#14 0x56436c49e20f <unknown>\n#15 0x56436c4f5028 <unknown>\n#16 0x56436c4f51f7 <unknown>\n#17 0x56436c506ed4 <unknown>\n#18 0x7f14cac94ac3 <unknown>",
        "time" : {
          "start" : 1704158228453,
          "stop" : 1704158241146,
          "duration" : 12693
        }
      }, {
        "uid" : "2f7053ce0619c0a3",
        "status" : "skipped",
        "statusDetails" : "XFAIL Can't find element by locator ('xpath', '//a[@title='Речевые упражнения']')\n\nselenium.common.exceptions.TimeoutException: Message: Can't find element by locator ('xpath', '//a[@title=\"Речевые упражнения\"]')\nStacktrace:\n#0 0x557ecf592d33 <unknown>\n#1 0x557ecf24ff87 <unknown>\n#2 0x557ecf29fc0e <unknown>\n#3 0x557ecf29fd11 <unknown>\n#4 0x557ecf2eb004 <unknown>\n#5 0x557ecf2c936d <unknown>\n#6 0x557ecf2e8297 <unknown>\n#7 0x557ecf2c90e3 <unknown>\n#8 0x557ecf291044 <unknown>\n#9 0x557ecf29244e <unknown>\n#10 0x557ecf557861 <unknown>\n#11 0x557ecf55b785 <unknown>\n#12 0x557ecf545285 <unknown>\n#13 0x557ecf55c41f <unknown>\n#14 0x557ecf52920f <unknown>\n#15 0x557ecf580028 <unknown>\n#16 0x557ecf5801f7 <unknown>\n#17 0x557ecf591ed4 <unknown>\n#18 0x7f030de94ac3 <unknown>",
        "time" : {
          "start" : 1704072261160,
          "stop" : 1704072273684,
          "duration" : 12524
        }
      }, {
        "uid" : "f7f76690d385bdc",
        "status" : "skipped",
        "statusDetails" : "XFAIL Can't find element by locator ('xpath', '//a[@title='Речевые упражнения']')\n\nselenium.common.exceptions.TimeoutException: Message: Can't find element by locator ('xpath', '//a[@title=\"Речевые упражнения\"]')\nStacktrace:\n#0 0x55bc42b00d33 <unknown>\n#1 0x55bc427bdf87 <unknown>\n#2 0x55bc4280dc0e <unknown>\n#3 0x55bc4280dd11 <unknown>\n#4 0x55bc42859004 <unknown>\n#5 0x55bc4283736d <unknown>\n#6 0x55bc42856297 <unknown>\n#7 0x55bc428370e3 <unknown>\n#8 0x55bc427ff044 <unknown>\n#9 0x55bc4280044e <unknown>\n#10 0x55bc42ac5861 <unknown>\n#11 0x55bc42ac9785 <unknown>\n#12 0x55bc42ab3285 <unknown>\n#13 0x55bc42aca41f <unknown>\n#14 0x55bc42a9720f <unknown>\n#15 0x55bc42aee028 <unknown>\n#16 0x55bc42aee1f7 <unknown>\n#17 0x55bc42affed4 <unknown>\n#18 0x7f8851a94ac3 <unknown>",
        "time" : {
          "start" : 1703985748488,
          "stop" : 1703985760985,
          "duration" : 12497
        }
      }, {
        "uid" : "519edb14a86542fc",
        "status" : "skipped",
        "statusDetails" : "XFAIL Can't find element by locator ('xpath', '//a[@title='Речевые упражнения']')\n\nselenium.common.exceptions.TimeoutException: Message: Can't find element by locator ('xpath', '//a[@title=\"Речевые упражнения\"]')\nStacktrace:\n#0 0x55fd7d3c9d33 <unknown>\n#1 0x55fd7d086f87 <unknown>\n#2 0x55fd7d0d6c0e <unknown>\n#3 0x55fd7d0d6d11 <unknown>\n#4 0x55fd7d122004 <unknown>\n#5 0x55fd7d10036d <unknown>\n#6 0x55fd7d11f297 <unknown>\n#7 0x55fd7d1000e3 <unknown>\n#8 0x55fd7d0c8044 <unknown>\n#9 0x55fd7d0c944e <unknown>\n#10 0x55fd7d38e861 <unknown>\n#11 0x55fd7d392785 <unknown>\n#12 0x55fd7d37c285 <unknown>\n#13 0x55fd7d39341f <unknown>\n#14 0x55fd7d36020f <unknown>\n#15 0x55fd7d3b7028 <unknown>\n#16 0x55fd7d3b71f7 <unknown>\n#17 0x55fd7d3c8ed4 <unknown>\n#18 0x7fdbc0e94ac3 <unknown>",
        "time" : {
          "start" : 1703898899567,
          "stop" : 1703898913205,
          "duration" : 13638
        }
      }, {
        "uid" : "c48feccc14c59012",
        "status" : "skipped",
        "statusDetails" : "XFAIL Can't find element by locator ('xpath', '//a[@title='Речевые упражнения']')\n\nselenium.common.exceptions.TimeoutException: Message: Can't find element by locator ('xpath', '//a[@title=\"Речевые упражнения\"]')\nStacktrace:\n#0 0x55a1f356fd33 <unknown>\n#1 0x55a1f322cf87 <unknown>\n#2 0x55a1f327cc0e <unknown>\n#3 0x55a1f327cd11 <unknown>\n#4 0x55a1f32c8004 <unknown>\n#5 0x55a1f32a636d <unknown>\n#6 0x55a1f32c5297 <unknown>\n#7 0x55a1f32a60e3 <unknown>\n#8 0x55a1f326e044 <unknown>\n#9 0x55a1f326f44e <unknown>\n#10 0x55a1f3534861 <unknown>\n#11 0x55a1f3538785 <unknown>\n#12 0x55a1f3522285 <unknown>\n#13 0x55a1f353941f <unknown>\n#14 0x55a1f350620f <unknown>\n#15 0x55a1f355d028 <unknown>\n#16 0x55a1f355d1f7 <unknown>\n#17 0x55a1f356eed4 <unknown>\n#18 0x7f8eda894ac3 <unknown>",
        "time" : {
          "start" : 1703812029486,
          "stop" : 1703812042698,
          "duration" : 13212
        }
      }, {
        "uid" : "74bb97e19794456b",
        "status" : "skipped",
        "statusDetails" : "XFAIL Can't find element by locator ('xpath', '//a[@title='Речевые упражнения']')\n\nselenium.common.exceptions.TimeoutException: Message: Can't find element by locator ('xpath', '//a[@title=\"Речевые упражнения\"]')\nStacktrace:\n#0 0x55a58f0d9d33 <unknown>\n#1 0x55a58ed96f87 <unknown>\n#2 0x55a58ede6c0e <unknown>\n#3 0x55a58ede6d11 <unknown>\n#4 0x55a58ee32004 <unknown>\n#5 0x55a58ee1036d <unknown>\n#6 0x55a58ee2f297 <unknown>\n#7 0x55a58ee100e3 <unknown>\n#8 0x55a58edd8044 <unknown>\n#9 0x55a58edd944e <unknown>\n#10 0x55a58f09e861 <unknown>\n#11 0x55a58f0a2785 <unknown>\n#12 0x55a58f08c285 <unknown>\n#13 0x55a58f0a341f <unknown>\n#14 0x55a58f07020f <unknown>\n#15 0x55a58f0c7028 <unknown>\n#16 0x55a58f0c71f7 <unknown>\n#17 0x55a58f0d8ed4 <unknown>\n#18 0x7f590c494ac3 <unknown>",
        "time" : {
          "start" : 1703726148576,
          "stop" : 1703726161053,
          "duration" : 12477
        }
      }, {
        "uid" : "81f33baeeb3f8a93",
        "status" : "skipped",
        "statusDetails" : "XFAIL Can't find element by locator ('xpath', '//a[@title='Речевые упражнения']')\n\nselenium.common.exceptions.TimeoutException: Message: Can't find element by locator ('xpath', '//a[@title=\"Речевые упражнения\"]')\nStacktrace:\n#0 0x55c9c3100d33 <unknown>\n#1 0x55c9c2dbdf87 <unknown>\n#2 0x55c9c2e0dc0e <unknown>\n#3 0x55c9c2e0dd11 <unknown>\n#4 0x55c9c2e59004 <unknown>\n#5 0x55c9c2e3736d <unknown>\n#6 0x55c9c2e56297 <unknown>\n#7 0x55c9c2e370e3 <unknown>\n#8 0x55c9c2dff044 <unknown>\n#9 0x55c9c2e0044e <unknown>\n#10 0x55c9c30c5861 <unknown>\n#11 0x55c9c30c9785 <unknown>\n#12 0x55c9c30b3285 <unknown>\n#13 0x55c9c30ca41f <unknown>\n#14 0x55c9c309720f <unknown>\n#15 0x55c9c30ee028 <unknown>\n#16 0x55c9c30ee1f7 <unknown>\n#17 0x55c9c30ffed4 <unknown>\n#18 0x7fc4ca094ac3 <unknown>",
        "time" : {
          "start" : 1703639744611,
          "stop" : 1703639757098,
          "duration" : 12487
        }
      }, {
        "uid" : "6f19c2c18aa5e410",
        "status" : "skipped",
        "statusDetails" : "XFAIL Can't find element by locator ('xpath', '//a[@title='Речевые упражнения']')\n\nselenium.common.exceptions.TimeoutException: Message: Can't find element by locator ('xpath', '//a[@title=\"Речевые упражнения\"]')\nStacktrace:\n#0 0x55efcd18fd33 <unknown>\n#1 0x55efcce4cf87 <unknown>\n#2 0x55efcce9cc0e <unknown>\n#3 0x55efcce9cd11 <unknown>\n#4 0x55efccee8004 <unknown>\n#5 0x55efccec636d <unknown>\n#6 0x55efccee5297 <unknown>\n#7 0x55efccec60e3 <unknown>\n#8 0x55efcce8e044 <unknown>\n#9 0x55efcce8f44e <unknown>\n#10 0x55efcd154861 <unknown>\n#11 0x55efcd158785 <unknown>\n#12 0x55efcd142285 <unknown>\n#13 0x55efcd15941f <unknown>\n#14 0x55efcd12620f <unknown>\n#15 0x55efcd17d028 <unknown>\n#16 0x55efcd17d1f7 <unknown>\n#17 0x55efcd18eed4 <unknown>\n#18 0x7f6d2e494ac3 <unknown>",
        "time" : {
          "start" : 1703553325541,
          "stop" : 1703553338056,
          "duration" : 12515
        }
      } ]
    },
    "tags" : [ "@pytest.mark.xfail(reason='Can't find element by locator ('xpath', '//a[@title='Речевые упражнения']')')" ]
  },
  "source" : "47dc710fc439ef2.json",
  "parameterValues" : [ ]
}