{
  "uid" : "51ad3335eb441501",
  "name" : "test_task",
  "fullName" : "tests.login_page_test.TestTask#test_task",
  "historyId" : "a5aee721d258482e20909245f826af9a",
  "time" : {
    "start" : 1704158228453,
    "stop" : 1704158241146,
    "duration" : 12693
  },
  "status" : "skipped",
  "statusMessage" : "XFAIL Can't find element by locator ('xpath', '//a[@title='Речевые упражнения']')\n\nselenium.common.exceptions.TimeoutException: Message: Can't find element by locator ('xpath', '//a[@title=\"Речевые упражнения\"]')\nStacktrace:\n#0 0x56436c507d33 <unknown>\n#1 0x56436c1c4f87 <unknown>\n#2 0x56436c214c0e <unknown>\n#3 0x56436c214d11 <unknown>\n#4 0x56436c260004 <unknown>\n#5 0x56436c23e36d <unknown>\n#6 0x56436c25d297 <unknown>\n#7 0x56436c23e0e3 <unknown>\n#8 0x56436c206044 <unknown>\n#9 0x56436c20744e <unknown>\n#10 0x56436c4cc861 <unknown>\n#11 0x56436c4d0785 <unknown>\n#12 0x56436c4ba285 <unknown>\n#13 0x56436c4d141f <unknown>\n#14 0x56436c49e20f <unknown>\n#15 0x56436c4f5028 <unknown>\n#16 0x56436c4f51f7 <unknown>\n#17 0x56436c506ed4 <unknown>\n#18 0x7f14cac94ac3 <unknown>",
  "statusTrace" : "self = <tests.login_page_test.TestTask object at 0x7fa6423a6570>\ndriver = <selenium.webdriver.chrome.webdriver.WebDriver (session=\"ab083ccf02e4171764bc3327ad7966a7\")>\nmain_page_open = None\n\n    @pytest.mark.xfail(reason=\"Can't find element by locator ('xpath', '//a[@title='Речевые упражнения']')\")\n    def test_task(self, driver, main_page_open):\n        page = LoginPage(driver)\n        page.login_user()\n    \n        page = AuthorizedUserHomePage(driver)\n>       page.click_speech_exercises()\n\ntests/login_page_test.py:29: \n_ _ _ _ _ _ _ _ _ _ _ _ _ _ _ _ _ _ _ _ _ _ _ _ _ _ _ _ _ _ _ _ _ _ _ _ _ _ _ _ \npages/autorized_user_home_page.py:9: in click_speech_exercises\n    self.element_is_presence_and_clickable(self.locators.SPEECH_EXERCISES).click()\npages/base_page.py:29: in element_is_presence_and_clickable\n    return (Wait(self.driver, self.timeout).until(ec.visibility_of_element_located(locator),\n_ _ _ _ _ _ _ _ _ _ _ _ _ _ _ _ _ _ _ _ _ _ _ _ _ _ _ _ _ _ _ _ _ _ _ _ _ _ _ _ \n\nself = <selenium.webdriver.support.wait.WebDriverWait (session=\"ab083ccf02e4171764bc3327ad7966a7\")>\nmethod = <function visibility_of_element_located.<locals>._predicate at 0x7fa642261620>\nmessage = 'Can\\'t find element by locator (\\'xpath\\', \\'//a[@title=\"Речевые упражнения\"]\\')'\n\n    def until(self, method, message: str = \"\"):\n        \"\"\"Calls the method provided with the driver as an argument until the \\\n        return value does not evaluate to ``False``.\n    \n        :param method: callable(WebDriver)\n        :param message: optional message for :exc:`TimeoutException`\n        :returns: the result of the last call to `method`\n        :raises: :exc:`selenium.common.exceptions.TimeoutException` if timeout occurs\n        \"\"\"\n        screen = None\n        stacktrace = None\n    \n        end_time = time.monotonic() + self._timeout\n        while True:\n            try:\n                value = method(self._driver)\n                if value:\n                    return value\n            except self._ignored_exceptions as exc:\n                screen = getattr(exc, \"screen\", None)\n                stacktrace = getattr(exc, \"stacktrace\", None)\n            time.sleep(self._poll)\n            if time.monotonic() > end_time:\n                break\n>       raise TimeoutException(message, screen, stacktrace)\nE       selenium.common.exceptions.TimeoutException: Message: Can't find element by locator ('xpath', '//a[@title=\"Речевые упражнения\"]')\nE       Stacktrace:\nE       #0 0x56436c507d33 <unknown>\nE       #1 0x56436c1c4f87 <unknown>\nE       #2 0x56436c214c0e <unknown>\nE       #3 0x56436c214d11 <unknown>\nE       #4 0x56436c260004 <unknown>\nE       #5 0x56436c23e36d <unknown>\nE       #6 0x56436c25d297 <unknown>\nE       #7 0x56436c23e0e3 <unknown>\nE       #8 0x56436c206044 <unknown>\nE       #9 0x56436c20744e <unknown>\nE       #10 0x56436c4cc861 <unknown>\nE       #11 0x56436c4d0785 <unknown>\nE       #12 0x56436c4ba285 <unknown>\nE       #13 0x56436c4d141f <unknown>\nE       #14 0x56436c49e20f <unknown>\nE       #15 0x56436c4f5028 <unknown>\nE       #16 0x56436c4f51f7 <unknown>\nE       #17 0x56436c506ed4 <unknown>\nE       #18 0x7f14cac94ac3 <unknown>\n\n/opt/hostedtoolcache/Python/3.12.1/x64/lib/python3.12/site-packages/selenium/webdriver/support/wait.py:95: TimeoutException",
  "flaky" : false,
  "newFailed" : false,
  "beforeStages" : [ {
    "name" : "driver",
    "time" : {
      "start" : 1704158224979,
      "stop" : 1704158225748,
      "duration" : 769
    },
    "status" : "passed",
    "steps" : [ ],
    "attachments" : [ ],
    "parameters" : [ ],
    "attachmentsCount" : 0,
    "shouldDisplayMessage" : false,
    "stepsCount" : 0,
    "hasContent" : false
  }, {
    "name" : "main_page_open",
    "time" : {
      "start" : 1704158225748,
      "stop" : 1704158228453,
      "duration" : 2705
    },
    "status" : "passed",
    "steps" : [ ],
    "attachments" : [ ],
    "parameters" : [ ],
    "attachmentsCount" : 0,
    "shouldDisplayMessage" : false,
    "stepsCount" : 0,
    "hasContent" : false
  }, {
    "name" : "clear_allure_results_folder",
    "time" : {
      "start" : 1704158217842,
      "stop" : 1704158217842,
      "duration" : 0
    },
    "status" : "passed",
    "steps" : [ ],
    "attachments" : [ ],
    "parameters" : [ ],
    "attachmentsCount" : 0,
    "shouldDisplayMessage" : false,
    "stepsCount" : 0,
    "hasContent" : false
  } ],
  "testStage" : {
    "status" : "skipped",
    "statusMessage" : "XFAIL Can't find element by locator ('xpath', '//a[@title='Речевые упражнения']')\n\nselenium.common.exceptions.TimeoutException: Message: Can't find element by locator ('xpath', '//a[@title=\"Речевые упражнения\"]')\nStacktrace:\n#0 0x56436c507d33 <unknown>\n#1 0x56436c1c4f87 <unknown>\n#2 0x56436c214c0e <unknown>\n#3 0x56436c214d11 <unknown>\n#4 0x56436c260004 <unknown>\n#5 0x56436c23e36d <unknown>\n#6 0x56436c25d297 <unknown>\n#7 0x56436c23e0e3 <unknown>\n#8 0x56436c206044 <unknown>\n#9 0x56436c20744e <unknown>\n#10 0x56436c4cc861 <unknown>\n#11 0x56436c4d0785 <unknown>\n#12 0x56436c4ba285 <unknown>\n#13 0x56436c4d141f <unknown>\n#14 0x56436c49e20f <unknown>\n#15 0x56436c4f5028 <unknown>\n#16 0x56436c4f51f7 <unknown>\n#17 0x56436c506ed4 <unknown>\n#18 0x7f14cac94ac3 <unknown>",
    "statusTrace" : "self = <tests.login_page_test.TestTask object at 0x7fa6423a6570>\ndriver = <selenium.webdriver.chrome.webdriver.WebDriver (session=\"ab083ccf02e4171764bc3327ad7966a7\")>\nmain_page_open = None\n\n    @pytest.mark.xfail(reason=\"Can't find element by locator ('xpath', '//a[@title='Речевые упражнения']')\")\n    def test_task(self, driver, main_page_open):\n        page = LoginPage(driver)\n        page.login_user()\n    \n        page = AuthorizedUserHomePage(driver)\n>       page.click_speech_exercises()\n\ntests/login_page_test.py:29: \n_ _ _ _ _ _ _ _ _ _ _ _ _ _ _ _ _ _ _ _ _ _ _ _ _ _ _ _ _ _ _ _ _ _ _ _ _ _ _ _ \npages/autorized_user_home_page.py:9: in click_speech_exercises\n    self.element_is_presence_and_clickable(self.locators.SPEECH_EXERCISES).click()\npages/base_page.py:29: in element_is_presence_and_clickable\n    return (Wait(self.driver, self.timeout).until(ec.visibility_of_element_located(locator),\n_ _ _ _ _ _ _ _ _ _ _ _ _ _ _ _ _ _ _ _ _ _ _ _ _ _ _ _ _ _ _ _ _ _ _ _ _ _ _ _ \n\nself = <selenium.webdriver.support.wait.WebDriverWait (session=\"ab083ccf02e4171764bc3327ad7966a7\")>\nmethod = <function visibility_of_element_located.<locals>._predicate at 0x7fa642261620>\nmessage = 'Can\\'t find element by locator (\\'xpath\\', \\'//a[@title=\"Речевые упражнения\"]\\')'\n\n    def until(self, method, message: str = \"\"):\n        \"\"\"Calls the method provided with the driver as an argument until the \\\n        return value does not evaluate to ``False``.\n    \n        :param method: callable(WebDriver)\n        :param message: optional message for :exc:`TimeoutException`\n        :returns: the result of the last call to `method`\n        :raises: :exc:`selenium.common.exceptions.TimeoutException` if timeout occurs\n        \"\"\"\n        screen = None\n        stacktrace = None\n    \n        end_time = time.monotonic() + self._timeout\n        while True:\n            try:\n                value = method(self._driver)\n                if value:\n                    return value\n            except self._ignored_exceptions as exc:\n                screen = getattr(exc, \"screen\", None)\n                stacktrace = getattr(exc, \"stacktrace\", None)\n            time.sleep(self._poll)\n            if time.monotonic() > end_time:\n                break\n>       raise TimeoutException(message, screen, stacktrace)\nE       selenium.common.exceptions.TimeoutException: Message: Can't find element by locator ('xpath', '//a[@title=\"Речевые упражнения\"]')\nE       Stacktrace:\nE       #0 0x56436c507d33 <unknown>\nE       #1 0x56436c1c4f87 <unknown>\nE       #2 0x56436c214c0e <unknown>\nE       #3 0x56436c214d11 <unknown>\nE       #4 0x56436c260004 <unknown>\nE       #5 0x56436c23e36d <unknown>\nE       #6 0x56436c25d297 <unknown>\nE       #7 0x56436c23e0e3 <unknown>\nE       #8 0x56436c206044 <unknown>\nE       #9 0x56436c20744e <unknown>\nE       #10 0x56436c4cc861 <unknown>\nE       #11 0x56436c4d0785 <unknown>\nE       #12 0x56436c4ba285 <unknown>\nE       #13 0x56436c4d141f <unknown>\nE       #14 0x56436c49e20f <unknown>\nE       #15 0x56436c4f5028 <unknown>\nE       #16 0x56436c4f51f7 <unknown>\nE       #17 0x56436c506ed4 <unknown>\nE       #18 0x7f14cac94ac3 <unknown>\n\n/opt/hostedtoolcache/Python/3.12.1/x64/lib/python3.12/site-packages/selenium/webdriver/support/wait.py:95: TimeoutException",
    "steps" : [ {
      "name" : "Check element is visible and clickable: ('xpath', '//a[@id=\"ember11\"]')",
      "time" : {
        "start" : 1704158228454,
        "stop" : 1704158228489,
        "duration" : 35
      },
      "status" : "passed",
      "steps" : [ {
        "name" : "Check element is clickable",
        "time" : {
          "start" : 1704158228471,
          "stop" : 1704158228489,
          "duration" : 18
        },
        "status" : "passed",
        "steps" : [ {
          "name" : "Check elements are clickable: ('xpath', '//a[@id=\"ember11\"]')",
          "time" : {
            "start" : 1704158228471,
            "stop" : 1704158228489,
            "duration" : 18
          },
          "status" : "passed",
          "steps" : [ ],
          "attachments" : [ ],
          "parameters" : [ ],
          "attachmentsCount" : 0,
          "shouldDisplayMessage" : false,
          "stepsCount" : 0,
          "hasContent" : false
        } ],
        "attachments" : [ ],
        "parameters" : [ {
          "name" : "locator",
          "value" : "('xpath', '//a[@id=\"ember11\"]')"
        } ],
        "attachmentsCount" : 0,
        "shouldDisplayMessage" : false,
        "stepsCount" : 1,
        "hasContent" : true
      } ],
      "attachments" : [ ],
      "parameters" : [ ],
      "attachmentsCount" : 0,
      "shouldDisplayMessage" : false,
      "stepsCount" : 2,
      "hasContent" : true
    }, {
      "name" : "Check url is presence: https://brainup.site/login",
      "time" : {
        "start" : 1704158228536,
        "stop" : 1704158228541,
        "duration" : 5
      },
      "status" : "passed",
      "steps" : [ ],
      "attachments" : [ ],
      "parameters" : [ ],
      "attachmentsCount" : 0,
      "shouldDisplayMessage" : false,
      "stepsCount" : 0,
      "hasContent" : false
    }, {
      "name" : "Check element is presence: ('xpath', '//input[@id=\"login\"]')",
      "time" : {
        "start" : 1704158228541,
        "stop" : 1704158228550,
        "duration" : 9
      },
      "status" : "passed",
      "steps" : [ ],
      "attachments" : [ ],
      "parameters" : [ ],
      "attachmentsCount" : 0,
      "shouldDisplayMessage" : false,
      "stepsCount" : 0,
      "hasContent" : false
    }, {
      "name" : "Check element is presence: ('xpath', '//input[@id=\"password\"]')",
      "time" : {
        "start" : 1704158228605,
        "stop" : 1704158228615,
        "duration" : 10
      },
      "status" : "passed",
      "steps" : [ ],
      "attachments" : [ ],
      "parameters" : [ ],
      "attachmentsCount" : 0,
      "shouldDisplayMessage" : false,
      "stepsCount" : 0,
      "hasContent" : false
    }, {
      "name" : "Check element is visible and clickable: ('xpath', '//*[@type=\"submit\"]')",
      "time" : {
        "start" : 1704158228656,
        "stop" : 1704158228685,
        "duration" : 29
      },
      "status" : "passed",
      "steps" : [ {
        "name" : "Check element is clickable",
        "time" : {
          "start" : 1704158228670,
          "stop" : 1704158228685,
          "duration" : 15
        },
        "status" : "passed",
        "steps" : [ {
          "name" : "Check elements are clickable: ('xpath', '//*[@type=\"submit\"]')",
          "time" : {
            "start" : 1704158228670,
            "stop" : 1704158228685,
            "duration" : 15
          },
          "status" : "passed",
          "steps" : [ ],
          "attachments" : [ ],
          "parameters" : [ ],
          "attachmentsCount" : 0,
          "shouldDisplayMessage" : false,
          "stepsCount" : 0,
          "hasContent" : false
        } ],
        "attachments" : [ ],
        "parameters" : [ {
          "name" : "locator",
          "value" : "('xpath', '//*[@type=\"submit\"]')"
        } ],
        "attachmentsCount" : 0,
        "shouldDisplayMessage" : false,
        "stepsCount" : 1,
        "hasContent" : true
      } ],
      "attachments" : [ ],
      "parameters" : [ ],
      "attachmentsCount" : 0,
      "shouldDisplayMessage" : false,
      "stepsCount" : 2,
      "hasContent" : true
    }, {
      "name" : "Check url is presence: https://brainup.site/groups",
      "time" : {
        "start" : 1704158228722,
        "stop" : 1704158230740,
        "duration" : 2018
      },
      "status" : "passed",
      "steps" : [ ],
      "attachments" : [ ],
      "parameters" : [ ],
      "attachmentsCount" : 0,
      "shouldDisplayMessage" : false,
      "stepsCount" : 0,
      "hasContent" : false
    }, {
      "name" : "Check element is visible and clickable: ('xpath', '//a[@title=\"Речевые упражнения\"]')",
      "time" : {
        "start" : 1704158230742,
        "stop" : 1704158241145,
        "duration" : 10403
      },
      "status" : "broken",
      "statusMessage" : "selenium.common.exceptions.TimeoutException: Message: Can't find element by locator ('xpath', '//a[@title=\"Речевые упражнения\"]')\nStacktrace:\n#0 0x56436c507d33 <unknown>\n#1 0x56436c1c4f87 <unknown>\n#2 0x56436c214c0e <unknown>\n#3 0x56436c214d11 <unknown>\n#4 0x56436c260004 <unknown>\n#5 0x56436c23e36d <unknown>\n#6 0x56436c25d297 <unknown>\n#7 0x56436c23e0e3 <unknown>\n#8 0x56436c206044 <unknown>\n#9 0x56436c20744e <unknown>\n#10 0x56436c4cc861 <unknown>\n#11 0x56436c4d0785 <unknown>\n#12 0x56436c4ba285 <unknown>\n#13 0x56436c4d141f <unknown>\n#14 0x56436c49e20f <unknown>\n#15 0x56436c4f5028 <unknown>\n#16 0x56436c4f51f7 <unknown>\n#17 0x56436c506ed4 <unknown>\n#18 0x7f14cac94ac3 <unknown>\n\n",
      "statusTrace" : "  File \"/home/runner/work/brainup_auto-tests-python/brainup_auto-tests-python/pages/base_page.py\", line 29, in element_is_presence_and_clickable\n    return (Wait(self.driver, self.timeout).until(ec.visibility_of_element_located(locator),\n            ^^^^^^^^^^^^^^^^^^^^^^^^^^^^^^^^^^^^^^^^^^^^^^^^^^^^^^^^^^^^^^^^^^^^^^^^^^^^^^^^\n  File \"/opt/hostedtoolcache/Python/3.12.1/x64/lib/python3.12/site-packages/selenium/webdriver/support/wait.py\", line 95, in until\n    raise TimeoutException(message, screen, stacktrace)\n",
      "steps" : [ ],
      "attachments" : [ ],
      "parameters" : [ ],
      "attachmentsCount" : 0,
      "shouldDisplayMessage" : true,
      "stepsCount" : 0,
      "hasContent" : true
    } ],
    "attachments" : [ {
      "uid" : "84471fc48a6e4008",
      "name" : "Screenshot",
      "source" : "84471fc48a6e4008.png",
      "type" : "image/png",
      "size" : 117850
    }, {
      "uid" : "9641d617980e6fe7",
      "name" : "HTML source",
      "source" : "9641d617980e6fe7.html",
      "type" : "text/html",
      "size" : 33594
    } ],
    "parameters" : [ ],
    "attachmentsCount" : 2,
    "shouldDisplayMessage" : true,
    "stepsCount" : 11,
    "hasContent" : true
  },
  "afterStages" : [ {
    "name" : "driver::0",
    "time" : {
      "start" : 1704158241317,
      "stop" : 1704158241510,
      "duration" : 193
    },
    "status" : "passed",
    "steps" : [ ],
    "attachments" : [ {
      "uid" : "b2214f89325712fe",
      "name" : "Screenshot 2024-01-02 01:17:21.448428",
      "source" : "b2214f89325712fe.png",
      "type" : "image/png",
      "size" : 117850
    } ],
    "parameters" : [ ],
    "attachmentsCount" : 1,
    "shouldDisplayMessage" : false,
    "stepsCount" : 0,
    "hasContent" : true
  } ],
  "labels" : [ {
    "name" : "epic",
    "value" : "Exercises"
  }, {
    "name" : "tag",
    "value" : "@pytest.mark.xfail(reason='Can't find element by locator ('xpath', '//a[@title='Речевые упражнения']')')"
  }, {
    "name" : "parentSuite",
    "value" : "tests"
  }, {
    "name" : "suite",
    "value" : "login_page_test"
  }, {
    "name" : "subSuite",
    "value" : "TestTask"
  }, {
    "name" : "host",
    "value" : "fv-az1118-740"
  }, {
    "name" : "thread",
    "value" : "1853-MainThread"
  }, {
    "name" : "framework",
    "value" : "pytest"
  }, {
    "name" : "language",
    "value" : "cpython3"
  }, {
    "name" : "package",
    "value" : "tests.login_page_test"
  }, {
    "name" : "resultFormat",
    "value" : "allure2"
  } ],
  "parameters" : [ ],
  "links" : [ ],
  "hidden" : false,
  "retry" : false,
  "extra" : {
    "severity" : "normal",
    "retries" : [ ],
    "categories" : [ ],
    "history" : {
      "statistic" : {
        "failed" : 0,
        "broken" : 2,
        "skipped" : 20,
        "passed" : 0,
        "unknown" : 0,
        "total" : 22
      },
      "items" : [ {
        "uid" : "2f7053ce0619c0a3",
        "status" : "skipped",
        "statusDetails" : "XFAIL Can't find element by locator ('xpath', '//a[@title='Речевые упражнения']')\n\nselenium.common.exceptions.TimeoutException: Message: Can't find element by locator ('xpath', '//a[@title=\"Речевые упражнения\"]')\nStacktrace:\n#0 0x557ecf592d33 <unknown>\n#1 0x557ecf24ff87 <unknown>\n#2 0x557ecf29fc0e <unknown>\n#3 0x557ecf29fd11 <unknown>\n#4 0x557ecf2eb004 <unknown>\n#5 0x557ecf2c936d <unknown>\n#6 0x557ecf2e8297 <unknown>\n#7 0x557ecf2c90e3 <unknown>\n#8 0x557ecf291044 <unknown>\n#9 0x557ecf29244e <unknown>\n#10 0x557ecf557861 <unknown>\n#11 0x557ecf55b785 <unknown>\n#12 0x557ecf545285 <unknown>\n#13 0x557ecf55c41f <unknown>\n#14 0x557ecf52920f <unknown>\n#15 0x557ecf580028 <unknown>\n#16 0x557ecf5801f7 <unknown>\n#17 0x557ecf591ed4 <unknown>\n#18 0x7f030de94ac3 <unknown>",
        "time" : {
          "start" : 1704072261160,
          "stop" : 1704072273684,
          "duration" : 12524
        }
      }, {
        "uid" : "f7f76690d385bdc",
        "status" : "skipped",
        "statusDetails" : "XFAIL Can't find element by locator ('xpath', '//a[@title='Речевые упражнения']')\n\nselenium.common.exceptions.TimeoutException: Message: Can't find element by locator ('xpath', '//a[@title=\"Речевые упражнения\"]')\nStacktrace:\n#0 0x55bc42b00d33 <unknown>\n#1 0x55bc427bdf87 <unknown>\n#2 0x55bc4280dc0e <unknown>\n#3 0x55bc4280dd11 <unknown>\n#4 0x55bc42859004 <unknown>\n#5 0x55bc4283736d <unknown>\n#6 0x55bc42856297 <unknown>\n#7 0x55bc428370e3 <unknown>\n#8 0x55bc427ff044 <unknown>\n#9 0x55bc4280044e <unknown>\n#10 0x55bc42ac5861 <unknown>\n#11 0x55bc42ac9785 <unknown>\n#12 0x55bc42ab3285 <unknown>\n#13 0x55bc42aca41f <unknown>\n#14 0x55bc42a9720f <unknown>\n#15 0x55bc42aee028 <unknown>\n#16 0x55bc42aee1f7 <unknown>\n#17 0x55bc42affed4 <unknown>\n#18 0x7f8851a94ac3 <unknown>",
        "time" : {
          "start" : 1703985748488,
          "stop" : 1703985760985,
          "duration" : 12497
        }
      }, {
        "uid" : "519edb14a86542fc",
        "status" : "skipped",
        "statusDetails" : "XFAIL Can't find element by locator ('xpath', '//a[@title='Речевые упражнения']')\n\nselenium.common.exceptions.TimeoutException: Message: Can't find element by locator ('xpath', '//a[@title=\"Речевые упражнения\"]')\nStacktrace:\n#0 0x55fd7d3c9d33 <unknown>\n#1 0x55fd7d086f87 <unknown>\n#2 0x55fd7d0d6c0e <unknown>\n#3 0x55fd7d0d6d11 <unknown>\n#4 0x55fd7d122004 <unknown>\n#5 0x55fd7d10036d <unknown>\n#6 0x55fd7d11f297 <unknown>\n#7 0x55fd7d1000e3 <unknown>\n#8 0x55fd7d0c8044 <unknown>\n#9 0x55fd7d0c944e <unknown>\n#10 0x55fd7d38e861 <unknown>\n#11 0x55fd7d392785 <unknown>\n#12 0x55fd7d37c285 <unknown>\n#13 0x55fd7d39341f <unknown>\n#14 0x55fd7d36020f <unknown>\n#15 0x55fd7d3b7028 <unknown>\n#16 0x55fd7d3b71f7 <unknown>\n#17 0x55fd7d3c8ed4 <unknown>\n#18 0x7fdbc0e94ac3 <unknown>",
        "time" : {
          "start" : 1703898899567,
          "stop" : 1703898913205,
          "duration" : 13638
        }
      }, {
        "uid" : "c48feccc14c59012",
        "status" : "skipped",
        "statusDetails" : "XFAIL Can't find element by locator ('xpath', '//a[@title='Речевые упражнения']')\n\nselenium.common.exceptions.TimeoutException: Message: Can't find element by locator ('xpath', '//a[@title=\"Речевые упражнения\"]')\nStacktrace:\n#0 0x55a1f356fd33 <unknown>\n#1 0x55a1f322cf87 <unknown>\n#2 0x55a1f327cc0e <unknown>\n#3 0x55a1f327cd11 <unknown>\n#4 0x55a1f32c8004 <unknown>\n#5 0x55a1f32a636d <unknown>\n#6 0x55a1f32c5297 <unknown>\n#7 0x55a1f32a60e3 <unknown>\n#8 0x55a1f326e044 <unknown>\n#9 0x55a1f326f44e <unknown>\n#10 0x55a1f3534861 <unknown>\n#11 0x55a1f3538785 <unknown>\n#12 0x55a1f3522285 <unknown>\n#13 0x55a1f353941f <unknown>\n#14 0x55a1f350620f <unknown>\n#15 0x55a1f355d028 <unknown>\n#16 0x55a1f355d1f7 <unknown>\n#17 0x55a1f356eed4 <unknown>\n#18 0x7f8eda894ac3 <unknown>",
        "time" : {
          "start" : 1703812029486,
          "stop" : 1703812042698,
          "duration" : 13212
        }
      }, {
        "uid" : "74bb97e19794456b",
        "status" : "skipped",
        "statusDetails" : "XFAIL Can't find element by locator ('xpath', '//a[@title='Речевые упражнения']')\n\nselenium.common.exceptions.TimeoutException: Message: Can't find element by locator ('xpath', '//a[@title=\"Речевые упражнения\"]')\nStacktrace:\n#0 0x55a58f0d9d33 <unknown>\n#1 0x55a58ed96f87 <unknown>\n#2 0x55a58ede6c0e <unknown>\n#3 0x55a58ede6d11 <unknown>\n#4 0x55a58ee32004 <unknown>\n#5 0x55a58ee1036d <unknown>\n#6 0x55a58ee2f297 <unknown>\n#7 0x55a58ee100e3 <unknown>\n#8 0x55a58edd8044 <unknown>\n#9 0x55a58edd944e <unknown>\n#10 0x55a58f09e861 <unknown>\n#11 0x55a58f0a2785 <unknown>\n#12 0x55a58f08c285 <unknown>\n#13 0x55a58f0a341f <unknown>\n#14 0x55a58f07020f <unknown>\n#15 0x55a58f0c7028 <unknown>\n#16 0x55a58f0c71f7 <unknown>\n#17 0x55a58f0d8ed4 <unknown>\n#18 0x7f590c494ac3 <unknown>",
        "time" : {
          "start" : 1703726148576,
          "stop" : 1703726161053,
          "duration" : 12477
        }
      }, {
        "uid" : "81f33baeeb3f8a93",
        "status" : "skipped",
        "statusDetails" : "XFAIL Can't find element by locator ('xpath', '//a[@title='Речевые упражнения']')\n\nselenium.common.exceptions.TimeoutException: Message: Can't find element by locator ('xpath', '//a[@title=\"Речевые упражнения\"]')\nStacktrace:\n#0 0x55c9c3100d33 <unknown>\n#1 0x55c9c2dbdf87 <unknown>\n#2 0x55c9c2e0dc0e <unknown>\n#3 0x55c9c2e0dd11 <unknown>\n#4 0x55c9c2e59004 <unknown>\n#5 0x55c9c2e3736d <unknown>\n#6 0x55c9c2e56297 <unknown>\n#7 0x55c9c2e370e3 <unknown>\n#8 0x55c9c2dff044 <unknown>\n#9 0x55c9c2e0044e <unknown>\n#10 0x55c9c30c5861 <unknown>\n#11 0x55c9c30c9785 <unknown>\n#12 0x55c9c30b3285 <unknown>\n#13 0x55c9c30ca41f <unknown>\n#14 0x55c9c309720f <unknown>\n#15 0x55c9c30ee028 <unknown>\n#16 0x55c9c30ee1f7 <unknown>\n#17 0x55c9c30ffed4 <unknown>\n#18 0x7fc4ca094ac3 <unknown>",
        "time" : {
          "start" : 1703639744611,
          "stop" : 1703639757098,
          "duration" : 12487
        }
      }, {
        "uid" : "6f19c2c18aa5e410",
        "status" : "skipped",
        "statusDetails" : "XFAIL Can't find element by locator ('xpath', '//a[@title='Речевые упражнения']')\n\nselenium.common.exceptions.TimeoutException: Message: Can't find element by locator ('xpath', '//a[@title=\"Речевые упражнения\"]')\nStacktrace:\n#0 0x55efcd18fd33 <unknown>\n#1 0x55efcce4cf87 <unknown>\n#2 0x55efcce9cc0e <unknown>\n#3 0x55efcce9cd11 <unknown>\n#4 0x55efccee8004 <unknown>\n#5 0x55efccec636d <unknown>\n#6 0x55efccee5297 <unknown>\n#7 0x55efccec60e3 <unknown>\n#8 0x55efcce8e044 <unknown>\n#9 0x55efcce8f44e <unknown>\n#10 0x55efcd154861 <unknown>\n#11 0x55efcd158785 <unknown>\n#12 0x55efcd142285 <unknown>\n#13 0x55efcd15941f <unknown>\n#14 0x55efcd12620f <unknown>\n#15 0x55efcd17d028 <unknown>\n#16 0x55efcd17d1f7 <unknown>\n#17 0x55efcd18eed4 <unknown>\n#18 0x7f6d2e494ac3 <unknown>",
        "time" : {
          "start" : 1703553325541,
          "stop" : 1703553338056,
          "duration" : 12515
        }
      }, {
        "uid" : "73dd3bde010d5de1",
        "status" : "skipped",
        "statusDetails" : "XFAIL Can't find element by locator ('xpath', '//a[@title='Речевые упражнения']')\n\nselenium.common.exceptions.TimeoutException: Message: Can't find element by locator ('xpath', '//a[@title=\"Речевые упражнения\"]')\nStacktrace:\n#0 0x560d4aa8dd33 <unknown>\n#1 0x560d4a74af87 <unknown>\n#2 0x560d4a79ac0e <unknown>\n#3 0x560d4a79ad11 <unknown>\n#4 0x560d4a7e6004 <unknown>\n#5 0x560d4a7c436d <unknown>\n#6 0x560d4a7e3297 <unknown>\n#7 0x560d4a7c40e3 <unknown>\n#8 0x560d4a78c044 <unknown>\n#9 0x560d4a78d44e <unknown>\n#10 0x560d4aa52861 <unknown>\n#11 0x560d4aa56785 <unknown>\n#12 0x560d4aa40285 <unknown>\n#13 0x560d4aa5741f <unknown>\n#14 0x560d4aa2420f <unknown>\n#15 0x560d4aa7b028 <unknown>\n#16 0x560d4aa7b1f7 <unknown>\n#17 0x560d4aa8ced4 <unknown>\n#18 0x7f626ca94ac3 <unknown>",
        "time" : {
          "start" : 1703380910387,
          "stop" : 1703380923064,
          "duration" : 12677
        }
      }, {
        "uid" : "ed064be5bbee54d8",
        "status" : "skipped",
        "statusDetails" : "XFAIL Can't find element by locator ('xpath', '//a[@title='Речевые упражнения']')\n\nselenium.common.exceptions.TimeoutException: Message: Can't find element by locator ('xpath', '//a[@title=\"Речевые упражнения\"]')\nStacktrace:\n#0 0x5590e855ed33 <unknown>\n#1 0x5590e821bf87 <unknown>\n#2 0x5590e826bc0e <unknown>\n#3 0x5590e826bd11 <unknown>\n#4 0x5590e82b7004 <unknown>\n#5 0x5590e829536d <unknown>\n#6 0x5590e82b4297 <unknown>\n#7 0x5590e82950e3 <unknown>\n#8 0x5590e825d044 <unknown>\n#9 0x5590e825e44e <unknown>\n#10 0x5590e8523861 <unknown>\n#11 0x5590e8527785 <unknown>\n#12 0x5590e8511285 <unknown>\n#13 0x5590e852841f <unknown>\n#14 0x5590e84f520f <unknown>\n#15 0x5590e854c028 <unknown>\n#16 0x5590e854c1f7 <unknown>\n#17 0x5590e855ded4 <unknown>\n#18 0x7fa36e094ac3 <unknown>",
        "time" : {
          "start" : 1703294059485,
          "stop" : 1703294072221,
          "duration" : 12736
        }
      }, {
        "uid" : "da6d5edb4e13d287",
        "status" : "skipped",
        "statusDetails" : "XFAIL Can't find element by locator ('xpath', '//a[@title='Речевые упражнения']')\n\nselenium.common.exceptions.TimeoutException: Message: Can't find element by locator ('xpath', '//a[@title=\"Речевые упражнения\"]')\nStacktrace:\n#0 0x55a60dbfbd33 <unknown>\n#1 0x55a60d8b8f87 <unknown>\n#2 0x55a60d908c0e <unknown>\n#3 0x55a60d908d11 <unknown>\n#4 0x55a60d954004 <unknown>\n#5 0x55a60d93236d <unknown>\n#6 0x55a60d951297 <unknown>\n#7 0x55a60d9320e3 <unknown>\n#8 0x55a60d8fa044 <unknown>\n#9 0x55a60d8fb44e <unknown>\n#10 0x55a60dbc0861 <unknown>\n#11 0x55a60dbc4785 <unknown>\n#12 0x55a60dbae285 <unknown>\n#13 0x55a60dbc541f <unknown>\n#14 0x55a60db9220f <unknown>\n#15 0x55a60dbe9028 <unknown>\n#16 0x55a60dbe91f7 <unknown>\n#17 0x55a60dbfaed4 <unknown>\n#18 0x7fc5fcc94ac3 <unknown>",
        "time" : {
          "start" : 1703207799448,
          "stop" : 1703207812145,
          "duration" : 12697
        }
      }, {
        "uid" : "9022b8f111bf78aa",
        "status" : "skipped",
        "statusDetails" : "XFAIL Can't find element by locator ('xpath', '//a[@title='Речевые упражнения']')\n\nselenium.common.exceptions.TimeoutException: Message: Can't find element by locator ('xpath', '//a[@title=\"Речевые упражнения\"]')\nStacktrace:\n#0 0x565100954d33 <unknown>\n#1 0x565100611f87 <unknown>\n#2 0x565100661c0e <unknown>\n#3 0x565100661d11 <unknown>\n#4 0x5651006ad004 <unknown>\n#5 0x56510068b36d <unknown>\n#6 0x5651006aa297 <unknown>\n#7 0x56510068b0e3 <unknown>\n#8 0x565100653044 <unknown>\n#9 0x56510065444e <unknown>\n#10 0x565100919861 <unknown>\n#11 0x56510091d785 <unknown>\n#12 0x565100907285 <unknown>\n#13 0x56510091e41f <unknown>\n#14 0x5651008eb20f <unknown>\n#15 0x565100942028 <unknown>\n#16 0x5651009421f7 <unknown>\n#17 0x565100953ed4 <unknown>\n#18 0x7f9e66894ac3 <unknown>",
        "time" : {
          "start" : 1703121441948,
          "stop" : 1703121455094,
          "duration" : 13146
        }
      }, {
        "uid" : "6be45a52eb8e784c",
        "status" : "skipped",
        "statusDetails" : "XFAIL Can't find element by locator ('xpath', '//a[@title='Речевые упражнения']')\n\nselenium.common.exceptions.TimeoutException: Message: Can't find element by locator ('xpath', '//a[@title=\"Речевые упражнения\"]')\nStacktrace:\n#0 0x55818b528d33 <unknown>\n#1 0x55818b1e5f87 <unknown>\n#2 0x55818b235c0e <unknown>\n#3 0x55818b235d11 <unknown>\n#4 0x55818b281004 <unknown>\n#5 0x55818b25f36d <unknown>\n#6 0x55818b27e297 <unknown>\n#7 0x55818b25f0e3 <unknown>\n#8 0x55818b227044 <unknown>\n#9 0x55818b22844e <unknown>\n#10 0x55818b4ed861 <unknown>\n#11 0x55818b4f1785 <unknown>\n#12 0x55818b4db285 <unknown>\n#13 0x55818b4f241f <unknown>\n#14 0x55818b4bf20f <unknown>\n#15 0x55818b516028 <unknown>\n#16 0x55818b5161f7 <unknown>\n#17 0x55818b527ed4 <unknown>\n#18 0x7f638c094ac3 <unknown>",
        "time" : {
          "start" : 1703034263410,
          "stop" : 1703034276903,
          "duration" : 13493
        }
      }, {
        "uid" : "e0eab0ffab178b29",
        "status" : "skipped",
        "statusDetails" : "XFAIL Can't find element by locator ('xpath', '//a[@title='Речевые упражнения']')\n\nselenium.common.exceptions.TimeoutException: Message: Can't find element by locator ('xpath', '//a[@title=\"Речевые упражнения\"]')\nStacktrace:\n#0 0x55a86cca1d33 <unknown>\n#1 0x55a86c95ef87 <unknown>\n#2 0x55a86c9aec0e <unknown>\n#3 0x55a86c9aed11 <unknown>\n#4 0x55a86c9fa004 <unknown>\n#5 0x55a86c9d836d <unknown>\n#6 0x55a86c9f7297 <unknown>\n#7 0x55a86c9d80e3 <unknown>\n#8 0x55a86c9a0044 <unknown>\n#9 0x55a86c9a144e <unknown>\n#10 0x55a86cc66861 <unknown>\n#11 0x55a86cc6a785 <unknown>\n#12 0x55a86cc54285 <unknown>\n#13 0x55a86cc6b41f <unknown>\n#14 0x55a86cc3820f <unknown>\n#15 0x55a86cc8f028 <unknown>\n#16 0x55a86cc8f1f7 <unknown>\n#17 0x55a86cca0ed4 <unknown>\n#18 0x7f2bcca94ac3 <unknown>",
        "time" : {
          "start" : 1702948692999,
          "stop" : 1702948705711,
          "duration" : 12712
        }
      }, {
        "uid" : "993f72cc36a07d10",
        "status" : "skipped",
        "statusDetails" : "XFAIL Can't find element by locator ('xpath', '//a[@title='Речевые упражнения']')\n\nselenium.common.exceptions.TimeoutException: Message: Can't find element by locator ('xpath', '//a[@title=\"Речевые упражнения\"]')\nStacktrace:\n#0 0x55a9a21b6d33 <unknown>\n#1 0x55a9a1e73f87 <unknown>\n#2 0x55a9a1ec3c0e <unknown>\n#3 0x55a9a1ec3d11 <unknown>\n#4 0x55a9a1f0f004 <unknown>\n#5 0x55a9a1eed36d <unknown>\n#6 0x55a9a1f0c297 <unknown>\n#7 0x55a9a1eed0e3 <unknown>\n#8 0x55a9a1eb5044 <unknown>\n#9 0x55a9a1eb644e <unknown>\n#10 0x55a9a217b861 <unknown>\n#11 0x55a9a217f785 <unknown>\n#12 0x55a9a2169285 <unknown>\n#13 0x55a9a218041f <unknown>\n#14 0x55a9a214d20f <unknown>\n#15 0x55a9a21a4028 <unknown>\n#16 0x55a9a21a41f7 <unknown>\n#17 0x55a9a21b5ed4 <unknown>\n#18 0x7fbc36094ac3 <unknown>",
        "time" : {
          "start" : 1702862374383,
          "stop" : 1702862386897,
          "duration" : 12514
        }
      }, {
        "uid" : "ac20b40273609945",
        "status" : "skipped",
        "statusDetails" : "XFAIL Can't find element by locator ('xpath', '//a[@title='Речевые упражнения']')\n\nselenium.common.exceptions.TimeoutException: Message: Can't find element by locator ('xpath', '//a[@title=\"Речевые упражнения\"]')\nStacktrace:\n#0 0x55e7fd3fdd33 <unknown>\n#1 0x55e7fd0baf87 <unknown>\n#2 0x55e7fd10ac0e <unknown>\n#3 0x55e7fd10ad11 <unknown>\n#4 0x55e7fd156004 <unknown>\n#5 0x55e7fd13436d <unknown>\n#6 0x55e7fd153297 <unknown>\n#7 0x55e7fd1340e3 <unknown>\n#8 0x55e7fd0fc044 <unknown>\n#9 0x55e7fd0fd44e <unknown>\n#10 0x55e7fd3c2861 <unknown>\n#11 0x55e7fd3c6785 <unknown>\n#12 0x55e7fd3b0285 <unknown>\n#13 0x55e7fd3c741f <unknown>\n#14 0x55e7fd39420f <unknown>\n#15 0x55e7fd3eb028 <unknown>\n#16 0x55e7fd3eb1f7 <unknown>\n#17 0x55e7fd3fced4 <unknown>\n#18 0x7fec94494ac3 <unknown>",
        "time" : {
          "start" : 1702776198426,
          "stop" : 1702776211175,
          "duration" : 12749
        }
      }, {
        "uid" : "f3ddf2ec9ad782bf",
        "status" : "skipped",
        "statusDetails" : "XFAIL Can't find element by locator ('xpath', '//a[@title='Речевые упражнения']')\n\nselenium.common.exceptions.TimeoutException: Message: Can't find element by locator ('xpath', '//a[@title=\"Речевые упражнения\"]')\nStacktrace:\n#0 0x561020513d33 <unknown>\n#1 0x5610201d0f87 <unknown>\n#2 0x561020220c0e <unknown>\n#3 0x561020220d11 <unknown>\n#4 0x56102026c004 <unknown>\n#5 0x56102024a36d <unknown>\n#6 0x561020269297 <unknown>\n#7 0x56102024a0e3 <unknown>\n#8 0x561020212044 <unknown>\n#9 0x56102021344e <unknown>\n#10 0x5610204d8861 <unknown>\n#11 0x5610204dc785 <unknown>\n#12 0x5610204c6285 <unknown>\n#13 0x5610204dd41f <unknown>\n#14 0x5610204aa20f <unknown>\n#15 0x561020501028 <unknown>\n#16 0x5610205011f7 <unknown>\n#17 0x561020512ed4 <unknown>\n#18 0x7fce11694ac3 <unknown>",
        "time" : {
          "start" : 1702689477166,
          "stop" : 1702689491334,
          "duration" : 14168
        }
      }, {
        "uid" : "1f0772037b593c50",
        "status" : "skipped",
        "statusDetails" : "XFAIL Can't find element by locator ('xpath', '//a[@title='Речевые упражнения']')\n\nselenium.common.exceptions.TimeoutException: Message: Can't find element by locator ('xpath', '//a[@title=\"Речевые упражнения\"]')\nStacktrace:\n#0 0x5645fb40dd33 <unknown>\n#1 0x5645fb0caf87 <unknown>\n#2 0x5645fb11ac0e <unknown>\n#3 0x5645fb11ad11 <unknown>\n#4 0x5645fb166004 <unknown>\n#5 0x5645fb14436d <unknown>\n#6 0x5645fb163297 <unknown>\n#7 0x5645fb1440e3 <unknown>\n#8 0x5645fb10c044 <unknown>\n#9 0x5645fb10d44e <unknown>\n#10 0x5645fb3d2861 <unknown>\n#11 0x5645fb3d6785 <unknown>\n#12 0x5645fb3c0285 <unknown>\n#13 0x5645fb3d741f <unknown>\n#14 0x5645fb3a420f <unknown>\n#15 0x5645fb3fb028 <unknown>\n#16 0x5645fb3fb1f7 <unknown>\n#17 0x5645fb40ced4 <unknown>\n#18 0x7f0f44e94ac3 <unknown>",
        "time" : {
          "start" : 1702603186456,
          "stop" : 1702603199061,
          "duration" : 12605
        }
      }, {
        "uid" : "e86bc3a5f07dae6e",
        "status" : "skipped",
        "statusDetails" : "XFAIL Can't find element by locator ('xpath', '//a[@title='Речевые упражнения']')\n\nselenium.common.exceptions.TimeoutException: Message: Can't find element by locator ('xpath', '//a[@title=\"Речевые упражнения\"]')\nStacktrace:\n#0 0x55c5b0c995e3 <unknown>\n#1 0x55c5b095c0b7 <unknown>\n#2 0x55c5b09a9f53 <unknown>\n#3 0x55c5b09aa051 <unknown>\n#4 0x55c5b09ef9c4 <unknown>\n#5 0x55c5b09d0f1d <unknown>\n#6 0x55c5b09ecb3d <unknown>\n#7 0x55c5b09d0cc3 <unknown>\n#8 0x55c5b099c0e4 <unknown>\n#9 0x55c5b099d0ae <unknown>\n#10 0x55c5b0c5fce1 <unknown>\n#11 0x55c5b0c63b7e <unknown>\n#12 0x55c5b0c4d4b5 <unknown>\n#13 0x55c5b0c647d6 <unknown>\n#14 0x55c5b0c30dbf <unknown>\n#15 0x55c5b0c87748 <unknown>\n#16 0x55c5b0c87917 <unknown>\n#17 0x55c5b0c98773 <unknown>\n#18 0x7ffba0e94ac3 <unknown>",
        "time" : {
          "start" : 1702516693362,
          "stop" : 1702516706512,
          "duration" : 13150
        }
      }, {
        "uid" : "dff716eff8a9ee48",
        "status" : "skipped",
        "statusDetails" : "XFAIL Can't find element by locator ('xpath', '//a[@title='Речевые упражнения']')\n\nselenium.common.exceptions.TimeoutException: Message: Can't find element by locator ('xpath', '//a[@title=\"Речевые упражнения\"]')\nStacktrace:\n#0 0x55fe6b2cb5e3 <unknown>\n#1 0x55fe6af8e0b7 <unknown>\n#2 0x55fe6afdbf53 <unknown>\n#3 0x55fe6afdc051 <unknown>\n#4 0x55fe6b0219c4 <unknown>\n#5 0x55fe6b002f1d <unknown>\n#6 0x55fe6b01eb3d <unknown>\n#7 0x55fe6b002cc3 <unknown>\n#8 0x55fe6afce0e4 <unknown>\n#9 0x55fe6afcf0ae <unknown>\n#10 0x55fe6b291ce1 <unknown>\n#11 0x55fe6b295b7e <unknown>\n#12 0x55fe6b27f4b5 <unknown>\n#13 0x55fe6b2967d6 <unknown>\n#14 0x55fe6b262dbf <unknown>\n#15 0x55fe6b2b9748 <unknown>\n#16 0x55fe6b2b9917 <unknown>\n#17 0x55fe6b2ca773 <unknown>\n#18 0x7fb723a94ac3 <unknown>",
        "time" : {
          "start" : 1702503044759,
          "stop" : 1702503057249,
          "duration" : 12490
        }
      }, {
        "uid" : "7bcc5623655ba67f",
        "status" : "broken",
        "statusDetails" : "selenium.common.exceptions.TimeoutException: Message: Can't find element by locator ('xpath', '//a[@title=\"Речевые упражнения\"]')\nStacktrace:\n#0 0x557867f435e3 <unknown>\n#1 0x557867c060b7 <unknown>\n#2 0x557867c53f53 <unknown>\n#3 0x557867c54051 <unknown>\n#4 0x557867c999c4 <unknown>\n#5 0x557867c7af1d <unknown>\n#6 0x557867c96b3d <unknown>\n#7 0x557867c7acc3 <unknown>\n#8 0x557867c460e4 <unknown>\n#9 0x557867c470ae <unknown>\n#10 0x557867f09ce1 <unknown>\n#11 0x557867f0db7e <unknown>\n#12 0x557867ef74b5 <unknown>\n#13 0x557867f0e7d6 <unknown>\n#14 0x557867edadbf <unknown>\n#15 0x557867f31748 <unknown>\n#16 0x557867f31917 <unknown>\n#17 0x557867f42773 <unknown>\n#18 0x7fdec8a94ac3 <unknown>",
        "time" : {
          "start" : 1702502276645,
          "stop" : 1702502289170,
          "duration" : 12525
        }
      } ]
    },
    "tags" : [ "@pytest.mark.xfail(reason='Can't find element by locator ('xpath', '//a[@title='Речевые упражнения']')')" ]
  },
  "source" : "51ad3335eb441501.json",
  "parameterValues" : [ ]
}