{
  "uid" : "7bcc5623655ba67f",
  "name" : "test_task",
  "fullName" : "tests.login_page_test.TestTask#test_task",
  "historyId" : "a5aee721d258482e20909245f826af9a",
  "time" : {
    "start" : 1702502276645,
    "stop" : 1702502289170,
    "duration" : 12525
  },
  "status" : "broken",
  "statusMessage" : "selenium.common.exceptions.TimeoutException: Message: Can't find element by locator ('xpath', '//a[@title=\"Речевые упражнения\"]')\nStacktrace:\n#0 0x557867f435e3 <unknown>\n#1 0x557867c060b7 <unknown>\n#2 0x557867c53f53 <unknown>\n#3 0x557867c54051 <unknown>\n#4 0x557867c999c4 <unknown>\n#5 0x557867c7af1d <unknown>\n#6 0x557867c96b3d <unknown>\n#7 0x557867c7acc3 <unknown>\n#8 0x557867c460e4 <unknown>\n#9 0x557867c470ae <unknown>\n#10 0x557867f09ce1 <unknown>\n#11 0x557867f0db7e <unknown>\n#12 0x557867ef74b5 <unknown>\n#13 0x557867f0e7d6 <unknown>\n#14 0x557867edadbf <unknown>\n#15 0x557867f31748 <unknown>\n#16 0x557867f31917 <unknown>\n#17 0x557867f42773 <unknown>\n#18 0x7fdec8a94ac3 <unknown>",
  "statusTrace" : "self = <tests.login_page_test.TestTask object at 0x7fb92e811010>\ndriver = <selenium.webdriver.chrome.webdriver.WebDriver (session=\"73e667f7cd710a8d5846efa3029327a1\")>\nmain_page_open = None\n\n    def test_task(self, driver, main_page_open):\n        page = LoginPage(driver)\n        page.login_user()\n    \n        page = AuthorizedUserHomePage(driver)\n>       page.click_speech_exercises()\n\ntests/login_page_test.py:27: \n_ _ _ _ _ _ _ _ _ _ _ _ _ _ _ _ _ _ _ _ _ _ _ _ _ _ _ _ _ _ _ _ _ _ _ _ _ _ _ _ \npages/autorized_user_home_page.py:9: in click_speech_exercises\n    self.element_is_presence_and_clickable(self.locators.SPEECH_EXERCISES).click()\npages/base_page.py:29: in element_is_presence_and_clickable\n    return (Wait(self.driver, self.timeout).until(ec.visibility_of_element_located(locator),\n_ _ _ _ _ _ _ _ _ _ _ _ _ _ _ _ _ _ _ _ _ _ _ _ _ _ _ _ _ _ _ _ _ _ _ _ _ _ _ _ \n\nself = <selenium.webdriver.support.wait.WebDriverWait (session=\"73e667f7cd710a8d5846efa3029327a1\")>\nmethod = <function visibility_of_element_located.<locals>._predicate at 0x7fb92e714fe0>\nmessage = 'Can\\'t find element by locator (\\'xpath\\', \\'//a[@title=\"Речевые упражнения\"]\\')'\n\n    def until(self, method, message: str = \"\"):\n        \"\"\"Calls the method provided with the driver as an argument until the \\\n        return value does not evaluate to ``False``.\n    \n        :param method: callable(WebDriver)\n        :param message: optional message for :exc:`TimeoutException`\n        :returns: the result of the last call to `method`\n        :raises: :exc:`selenium.common.exceptions.TimeoutException` if timeout occurs\n        \"\"\"\n        screen = None\n        stacktrace = None\n    \n        end_time = time.monotonic() + self._timeout\n        while True:\n            try:\n                value = method(self._driver)\n                if value:\n                    return value\n            except self._ignored_exceptions as exc:\n                screen = getattr(exc, \"screen\", None)\n                stacktrace = getattr(exc, \"stacktrace\", None)\n            time.sleep(self._poll)\n            if time.monotonic() > end_time:\n                break\n>       raise TimeoutException(message, screen, stacktrace)\nE       selenium.common.exceptions.TimeoutException: Message: Can't find element by locator ('xpath', '//a[@title=\"Речевые упражнения\"]')\nE       Stacktrace:\nE       #0 0x557867f435e3 <unknown>\nE       #1 0x557867c060b7 <unknown>\nE       #2 0x557867c53f53 <unknown>\nE       #3 0x557867c54051 <unknown>\nE       #4 0x557867c999c4 <unknown>\nE       #5 0x557867c7af1d <unknown>\nE       #6 0x557867c96b3d <unknown>\nE       #7 0x557867c7acc3 <unknown>\nE       #8 0x557867c460e4 <unknown>\nE       #9 0x557867c470ae <unknown>\nE       #10 0x557867f09ce1 <unknown>\nE       #11 0x557867f0db7e <unknown>\nE       #12 0x557867ef74b5 <unknown>\nE       #13 0x557867f0e7d6 <unknown>\nE       #14 0x557867edadbf <unknown>\nE       #15 0x557867f31748 <unknown>\nE       #16 0x557867f31917 <unknown>\nE       #17 0x557867f42773 <unknown>\nE       #18 0x7fdec8a94ac3 <unknown>\n\n/opt/hostedtoolcache/Python/3.12.0/x64/lib/python3.12/site-packages/selenium/webdriver/support/wait.py:95: TimeoutException",
  "flaky" : false,
  "newFailed" : false,
  "beforeStages" : [ {
    "name" : "main_page_open",
    "time" : {
      "start" : 1702502274089,
      "stop" : 1702502276645,
      "duration" : 2556
    },
    "status" : "passed",
    "steps" : [ ],
    "attachments" : [ ],
    "parameters" : [ ],
    "attachmentsCount" : 0,
    "shouldDisplayMessage" : false,
    "stepsCount" : 0,
    "hasContent" : false
  }, {
    "name" : "driver",
    "time" : {
      "start" : 1702502273315,
      "stop" : 1702502274088,
      "duration" : 773
    },
    "status" : "passed",
    "steps" : [ ],
    "attachments" : [ ],
    "parameters" : [ ],
    "attachmentsCount" : 0,
    "shouldDisplayMessage" : false,
    "stepsCount" : 0,
    "hasContent" : false
  }, {
    "name" : "clear_allure_results_folder",
    "time" : {
      "start" : 1702502265935,
      "stop" : 1702502265935,
      "duration" : 0
    },
    "status" : "passed",
    "steps" : [ ],
    "attachments" : [ ],
    "parameters" : [ ],
    "attachmentsCount" : 0,
    "shouldDisplayMessage" : false,
    "stepsCount" : 0,
    "hasContent" : false
  } ],
  "testStage" : {
    "status" : "broken",
    "statusMessage" : "selenium.common.exceptions.TimeoutException: Message: Can't find element by locator ('xpath', '//a[@title=\"Речевые упражнения\"]')\nStacktrace:\n#0 0x557867f435e3 <unknown>\n#1 0x557867c060b7 <unknown>\n#2 0x557867c53f53 <unknown>\n#3 0x557867c54051 <unknown>\n#4 0x557867c999c4 <unknown>\n#5 0x557867c7af1d <unknown>\n#6 0x557867c96b3d <unknown>\n#7 0x557867c7acc3 <unknown>\n#8 0x557867c460e4 <unknown>\n#9 0x557867c470ae <unknown>\n#10 0x557867f09ce1 <unknown>\n#11 0x557867f0db7e <unknown>\n#12 0x557867ef74b5 <unknown>\n#13 0x557867f0e7d6 <unknown>\n#14 0x557867edadbf <unknown>\n#15 0x557867f31748 <unknown>\n#16 0x557867f31917 <unknown>\n#17 0x557867f42773 <unknown>\n#18 0x7fdec8a94ac3 <unknown>",
    "statusTrace" : "self = <tests.login_page_test.TestTask object at 0x7fb92e811010>\ndriver = <selenium.webdriver.chrome.webdriver.WebDriver (session=\"73e667f7cd710a8d5846efa3029327a1\")>\nmain_page_open = None\n\n    def test_task(self, driver, main_page_open):\n        page = LoginPage(driver)\n        page.login_user()\n    \n        page = AuthorizedUserHomePage(driver)\n>       page.click_speech_exercises()\n\ntests/login_page_test.py:27: \n_ _ _ _ _ _ _ _ _ _ _ _ _ _ _ _ _ _ _ _ _ _ _ _ _ _ _ _ _ _ _ _ _ _ _ _ _ _ _ _ \npages/autorized_user_home_page.py:9: in click_speech_exercises\n    self.element_is_presence_and_clickable(self.locators.SPEECH_EXERCISES).click()\npages/base_page.py:29: in element_is_presence_and_clickable\n    return (Wait(self.driver, self.timeout).until(ec.visibility_of_element_located(locator),\n_ _ _ _ _ _ _ _ _ _ _ _ _ _ _ _ _ _ _ _ _ _ _ _ _ _ _ _ _ _ _ _ _ _ _ _ _ _ _ _ \n\nself = <selenium.webdriver.support.wait.WebDriverWait (session=\"73e667f7cd710a8d5846efa3029327a1\")>\nmethod = <function visibility_of_element_located.<locals>._predicate at 0x7fb92e714fe0>\nmessage = 'Can\\'t find element by locator (\\'xpath\\', \\'//a[@title=\"Речевые упражнения\"]\\')'\n\n    def until(self, method, message: str = \"\"):\n        \"\"\"Calls the method provided with the driver as an argument until the \\\n        return value does not evaluate to ``False``.\n    \n        :param method: callable(WebDriver)\n        :param message: optional message for :exc:`TimeoutException`\n        :returns: the result of the last call to `method`\n        :raises: :exc:`selenium.common.exceptions.TimeoutException` if timeout occurs\n        \"\"\"\n        screen = None\n        stacktrace = None\n    \n        end_time = time.monotonic() + self._timeout\n        while True:\n            try:\n                value = method(self._driver)\n                if value:\n                    return value\n            except self._ignored_exceptions as exc:\n                screen = getattr(exc, \"screen\", None)\n                stacktrace = getattr(exc, \"stacktrace\", None)\n            time.sleep(self._poll)\n            if time.monotonic() > end_time:\n                break\n>       raise TimeoutException(message, screen, stacktrace)\nE       selenium.common.exceptions.TimeoutException: Message: Can't find element by locator ('xpath', '//a[@title=\"Речевые упражнения\"]')\nE       Stacktrace:\nE       #0 0x557867f435e3 <unknown>\nE       #1 0x557867c060b7 <unknown>\nE       #2 0x557867c53f53 <unknown>\nE       #3 0x557867c54051 <unknown>\nE       #4 0x557867c999c4 <unknown>\nE       #5 0x557867c7af1d <unknown>\nE       #6 0x557867c96b3d <unknown>\nE       #7 0x557867c7acc3 <unknown>\nE       #8 0x557867c460e4 <unknown>\nE       #9 0x557867c470ae <unknown>\nE       #10 0x557867f09ce1 <unknown>\nE       #11 0x557867f0db7e <unknown>\nE       #12 0x557867ef74b5 <unknown>\nE       #13 0x557867f0e7d6 <unknown>\nE       #14 0x557867edadbf <unknown>\nE       #15 0x557867f31748 <unknown>\nE       #16 0x557867f31917 <unknown>\nE       #17 0x557867f42773 <unknown>\nE       #18 0x7fdec8a94ac3 <unknown>\n\n/opt/hostedtoolcache/Python/3.12.0/x64/lib/python3.12/site-packages/selenium/webdriver/support/wait.py:95: TimeoutException",
    "steps" : [ {
      "name" : "Check element is visible and clickable: ('xpath', '//a[@id=\"ember11\"]')",
      "time" : {
        "start" : 1702502276646,
        "stop" : 1702502276686,
        "duration" : 40
      },
      "status" : "passed",
      "steps" : [ {
        "name" : "Check element is clickable",
        "time" : {
          "start" : 1702502276665,
          "stop" : 1702502276686,
          "duration" : 21
        },
        "status" : "passed",
        "steps" : [ {
          "name" : "Check elements are clickable: ('xpath', '//a[@id=\"ember11\"]')",
          "time" : {
            "start" : 1702502276665,
            "stop" : 1702502276686,
            "duration" : 21
          },
          "status" : "passed",
          "steps" : [ ],
          "attachments" : [ ],
          "parameters" : [ ],
          "attachmentsCount" : 0,
          "shouldDisplayMessage" : false,
          "stepsCount" : 0,
          "hasContent" : false
        } ],
        "attachments" : [ ],
        "parameters" : [ {
          "name" : "locator",
          "value" : "('xpath', '//a[@id=\"ember11\"]')"
        } ],
        "attachmentsCount" : 0,
        "shouldDisplayMessage" : false,
        "stepsCount" : 1,
        "hasContent" : true
      } ],
      "attachments" : [ ],
      "parameters" : [ ],
      "attachmentsCount" : 0,
      "shouldDisplayMessage" : false,
      "stepsCount" : 2,
      "hasContent" : true
    }, {
      "name" : "Check url is presence: https://brainup.site/login",
      "time" : {
        "start" : 1702502276738,
        "stop" : 1702502276743,
        "duration" : 5
      },
      "status" : "passed",
      "steps" : [ ],
      "attachments" : [ ],
      "parameters" : [ ],
      "attachmentsCount" : 0,
      "shouldDisplayMessage" : false,
      "stepsCount" : 0,
      "hasContent" : false
    }, {
      "name" : "Check element is presence: ('xpath', '//input[@id=\"login\"]')",
      "time" : {
        "start" : 1702502276743,
        "stop" : 1702502276753,
        "duration" : 10
      },
      "status" : "passed",
      "steps" : [ ],
      "attachments" : [ ],
      "parameters" : [ ],
      "attachmentsCount" : 0,
      "shouldDisplayMessage" : false,
      "stepsCount" : 0,
      "hasContent" : false
    }, {
      "name" : "Check element is presence: ('xpath', '//input[@id=\"password\"]')",
      "time" : {
        "start" : 1702502276811,
        "stop" : 1702502276821,
        "duration" : 10
      },
      "status" : "passed",
      "steps" : [ ],
      "attachments" : [ ],
      "parameters" : [ ],
      "attachmentsCount" : 0,
      "shouldDisplayMessage" : false,
      "stepsCount" : 0,
      "hasContent" : false
    }, {
      "name" : "Check element is visible and clickable: ('xpath', '//*[@type=\"submit\"]')",
      "time" : {
        "start" : 1702502276864,
        "stop" : 1702502276897,
        "duration" : 33
      },
      "status" : "passed",
      "steps" : [ {
        "name" : "Check element is clickable",
        "time" : {
          "start" : 1702502276881,
          "stop" : 1702502276897,
          "duration" : 16
        },
        "status" : "passed",
        "steps" : [ {
          "name" : "Check elements are clickable: ('xpath', '//*[@type=\"submit\"]')",
          "time" : {
            "start" : 1702502276881,
            "stop" : 1702502276897,
            "duration" : 16
          },
          "status" : "passed",
          "steps" : [ ],
          "attachments" : [ ],
          "parameters" : [ ],
          "attachmentsCount" : 0,
          "shouldDisplayMessage" : false,
          "stepsCount" : 0,
          "hasContent" : false
        } ],
        "attachments" : [ ],
        "parameters" : [ {
          "name" : "locator",
          "value" : "('xpath', '//*[@type=\"submit\"]')"
        } ],
        "attachmentsCount" : 0,
        "shouldDisplayMessage" : false,
        "stepsCount" : 1,
        "hasContent" : true
      } ],
      "attachments" : [ ],
      "parameters" : [ ],
      "attachmentsCount" : 0,
      "shouldDisplayMessage" : false,
      "stepsCount" : 2,
      "hasContent" : true
    }, {
      "name" : "Check url is presence: https://brainup.site/groups",
      "time" : {
        "start" : 1702502276937,
        "stop" : 1702502278968,
        "duration" : 2031
      },
      "status" : "passed",
      "steps" : [ ],
      "attachments" : [ ],
      "parameters" : [ ],
      "attachmentsCount" : 0,
      "shouldDisplayMessage" : false,
      "stepsCount" : 0,
      "hasContent" : false
    }, {
      "name" : "Check element is visible and clickable: ('xpath', '//a[@title=\"Речевые упражнения\"]')",
      "time" : {
        "start" : 1702502278970,
        "stop" : 1702502289169,
        "duration" : 10199
      },
      "status" : "broken",
      "statusMessage" : "selenium.common.exceptions.TimeoutException: Message: Can't find element by locator ('xpath', '//a[@title=\"Речевые упражнения\"]')\nStacktrace:\n#0 0x557867f435e3 <unknown>\n#1 0x557867c060b7 <unknown>\n#2 0x557867c53f53 <unknown>\n#3 0x557867c54051 <unknown>\n#4 0x557867c999c4 <unknown>\n#5 0x557867c7af1d <unknown>\n#6 0x557867c96b3d <unknown>\n#7 0x557867c7acc3 <unknown>\n#8 0x557867c460e4 <unknown>\n#9 0x557867c470ae <unknown>\n#10 0x557867f09ce1 <unknown>\n#11 0x557867f0db7e <unknown>\n#12 0x557867ef74b5 <unknown>\n#13 0x557867f0e7d6 <unknown>\n#14 0x557867edadbf <unknown>\n#15 0x557867f31748 <unknown>\n#16 0x557867f31917 <unknown>\n#17 0x557867f42773 <unknown>\n#18 0x7fdec8a94ac3 <unknown>\n\n",
      "statusTrace" : "  File \"/home/runner/work/brainup_auto-tests-python/brainup_auto-tests-python/pages/base_page.py\", line 29, in element_is_presence_and_clickable\n    return (Wait(self.driver, self.timeout).until(ec.visibility_of_element_located(locator),\n            ^^^^^^^^^^^^^^^^^^^^^^^^^^^^^^^^^^^^^^^^^^^^^^^^^^^^^^^^^^^^^^^^^^^^^^^^^^^^^^^^\n  File \"/opt/hostedtoolcache/Python/3.12.0/x64/lib/python3.12/site-packages/selenium/webdriver/support/wait.py\", line 95, in until\n    raise TimeoutException(message, screen, stacktrace)\n",
      "steps" : [ ],
      "attachments" : [ ],
      "parameters" : [ ],
      "attachmentsCount" : 0,
      "shouldDisplayMessage" : true,
      "stepsCount" : 0,
      "hasContent" : true
    } ],
    "attachments" : [ {
      "uid" : "18b28bbd960a187",
      "name" : "Screenshot",
      "source" : "18b28bbd960a187.png",
      "type" : "image/png",
      "size" : 117859
    }, {
      "uid" : "7c650385f2d289f6",
      "name" : "HTML source",
      "source" : "7c650385f2d289f6.html",
      "type" : "text/html",
      "size" : 33594
    } ],
    "parameters" : [ ],
    "attachmentsCount" : 2,
    "shouldDisplayMessage" : true,
    "stepsCount" : 11,
    "hasContent" : true
  },
  "afterStages" : [ {
    "name" : "driver::0",
    "time" : {
      "start" : 1702502289340,
      "stop" : 1702502289531,
      "duration" : 191
    },
    "status" : "passed",
    "steps" : [ ],
    "attachments" : [ {
      "uid" : "d241fce3bfa18a4d",
      "name" : "Screenshot 2023-12-13 21:18:09.469973",
      "source" : "d241fce3bfa18a4d.png",
      "type" : "image/png",
      "size" : 117859
    } ],
    "parameters" : [ ],
    "attachmentsCount" : 1,
    "shouldDisplayMessage" : false,
    "stepsCount" : 0,
    "hasContent" : true
  } ],
  "labels" : [ {
    "name" : "epic",
    "value" : "Exercises"
  }, {
    "name" : "parentSuite",
    "value" : "tests"
  }, {
    "name" : "suite",
    "value" : "login_page_test"
  }, {
    "name" : "subSuite",
    "value" : "TestTask"
  }, {
    "name" : "host",
    "value" : "fv-az529-850"
  }, {
    "name" : "thread",
    "value" : "1911-MainThread"
  }, {
    "name" : "framework",
    "value" : "pytest"
  }, {
    "name" : "language",
    "value" : "cpython3"
  }, {
    "name" : "package",
    "value" : "tests.login_page_test"
  }, {
    "name" : "resultFormat",
    "value" : "allure2"
  } ],
  "parameters" : [ ],
  "links" : [ ],
  "hidden" : false,
  "retry" : false,
  "extra" : {
    "severity" : "normal",
    "retries" : [ ],
    "categories" : [ {
      "name" : "Test defects",
      "matchedStatuses" : [ ],
      "flaky" : false
    } ],
    "history" : {
      "statistic" : {
        "failed" : 0,
        "broken" : 2,
        "skipped" : 0,
        "passed" : 0,
        "unknown" : 0,
        "total" : 2
      },
      "items" : [ {
        "uid" : "687be2f4a9fb8d3b",
        "status" : "broken",
        "statusDetails" : "selenium.common.exceptions.TimeoutException: Message: Can't find element by locator ('xpath', '//a[@title=\"Речевые упражнения\"]')\nStacktrace:\n#0 0x563ed906e5e3 <unknown>\n#1 0x563ed8d310b7 <unknown>\n#2 0x563ed8d7ef53 <unknown>\n#3 0x563ed8d7f051 <unknown>\n#4 0x563ed8dc49c4 <unknown>\n#5 0x563ed8da5f1d <unknown>\n#6 0x563ed8dc1b3d <unknown>\n#7 0x563ed8da5cc3 <unknown>\n#8 0x563ed8d710e4 <unknown>\n#9 0x563ed8d720ae <unknown>\n#10 0x563ed9034ce1 <unknown>\n#11 0x563ed9038b7e <unknown>\n#12 0x563ed90224b5 <unknown>\n#13 0x563ed90397d6 <unknown>\n#14 0x563ed9005dbf <unknown>\n#15 0x563ed905c748 <unknown>\n#16 0x563ed905c917 <unknown>\n#17 0x563ed906d773 <unknown>\n#18 0x7fd151a94ac3 <unknown>",
        "time" : {
          "start" : 1702500453750,
          "stop" : 1702500466235,
          "duration" : 12485
        }
      } ]
    },
    "tags" : [ ]
  },
  "source" : "7bcc5623655ba67f.json",
  "parameterValues" : [ ]
}