{
  "uid" : "cb92c870c5583959",
  "name" : "verify redirection to contributors page not authorized user",
  "fullName" : "tests.main_page_test.TestMainPage#test_mp_07_verify_redirection_to_contributors_page",
  "historyId" : "7f35157222d4ee10ae03453b93f8fb17",
  "time" : {
    "start" : 1706577291553,
    "stop" : 1706577301749,
    "duration" : 10196
  },
  "status" : "skipped",
  "statusMessage" : "XFAIL\n\nselenium.common.exceptions.TimeoutException: Message: Can't find element by locator https://brainup.site/contributors",
  "statusTrace" : "self = <tests.main_page_test.TestMainPage object at 0x7f3ca49cad20>\ndriver = <selenium.webdriver.chrome.webdriver.WebDriver (session=\"ae4e9c8db1366e4c8e04e51c759b4c21\")>\nmain_page_open = None\n\n    @allure.title(\"verify redirection to contributors page not authorized user\")\n    @pytest.mark.xfail\n    def test_mp_07_verify_redirection_to_contributors_page(self, driver, main_page_open):\n        page = MainPage(driver)\n>       contributors_page_url = page.open_contributors_page()\n\ntests/main_page_test.py:54: \n_ _ _ _ _ _ _ _ _ _ _ _ _ _ _ _ _ _ _ _ _ _ _ _ _ _ _ _ _ _ _ _ _ _ _ _ _ _ _ _ \npages/main_page.py:61: in open_contributors_page\n    self.check_expected_link(MainPageLinks.URL_CONTRIBUTORS_PAGE)\npages/base_page.py:66: in check_expected_link\n    return Wait(self.driver, self.timeout).until(ec.url_to_be(url),\n_ _ _ _ _ _ _ _ _ _ _ _ _ _ _ _ _ _ _ _ _ _ _ _ _ _ _ _ _ _ _ _ _ _ _ _ _ _ _ _ \n\nself = <selenium.webdriver.support.wait.WebDriverWait (session=\"ae4e9c8db1366e4c8e04e51c759b4c21\")>\nmethod = <function url_to_be.<locals>._predicate at 0x7f3ca488a3e0>\nmessage = \"Can't find element by locator https://brainup.site/contributors\"\n\n    def until(self, method, message: str = \"\"):\n        \"\"\"Calls the method provided with the driver as an argument until the \\\n        return value does not evaluate to ``False``.\n    \n        :param method: callable(WebDriver)\n        :param message: optional message for :exc:`TimeoutException`\n        :returns: the result of the last call to `method`\n        :raises: :exc:`selenium.common.exceptions.TimeoutException` if timeout occurs\n        \"\"\"\n        screen = None\n        stacktrace = None\n    \n        end_time = time.monotonic() + self._timeout\n        while True:\n            try:\n                value = method(self._driver)\n                if value:\n                    return value\n            except self._ignored_exceptions as exc:\n                screen = getattr(exc, \"screen\", None)\n                stacktrace = getattr(exc, \"stacktrace\", None)\n            time.sleep(self._poll)\n            if time.monotonic() > end_time:\n                break\n>       raise TimeoutException(message, screen, stacktrace)\nE       selenium.common.exceptions.TimeoutException: Message: Can't find element by locator https://brainup.site/contributors\n\n/opt/hostedtoolcache/Python/3.12.1/x64/lib/python3.12/site-packages/selenium/webdriver/support/wait.py:95: TimeoutException",
  "flaky" : false,
  "newFailed" : false,
  "beforeStages" : [ {
    "name" : "clear_allure_results_folder",
    "time" : {
      "start" : 1706577215147,
      "stop" : 1706577215147,
      "duration" : 0
    },
    "status" : "passed",
    "steps" : [ ],
    "attachments" : [ ],
    "parameters" : [ ],
    "attachmentsCount" : 0,
    "shouldDisplayMessage" : false,
    "hasContent" : false,
    "stepsCount" : 0
  }, {
    "name" : "main_page_open",
    "time" : {
      "start" : 1706577287688,
      "stop" : 1706577291552,
      "duration" : 3864
    },
    "status" : "passed",
    "steps" : [ ],
    "attachments" : [ ],
    "parameters" : [ ],
    "attachmentsCount" : 0,
    "shouldDisplayMessage" : false,
    "hasContent" : false,
    "stepsCount" : 0
  }, {
    "name" : "driver",
    "time" : {
      "start" : 1706577286920,
      "stop" : 1706577287688,
      "duration" : 768
    },
    "status" : "passed",
    "steps" : [ ],
    "attachments" : [ ],
    "parameters" : [ ],
    "attachmentsCount" : 0,
    "shouldDisplayMessage" : false,
    "hasContent" : false,
    "stepsCount" : 0
  } ],
  "testStage" : {
    "status" : "skipped",
    "statusMessage" : "XFAIL\n\nselenium.common.exceptions.TimeoutException: Message: Can't find element by locator https://brainup.site/contributors",
    "statusTrace" : "self = <tests.main_page_test.TestMainPage object at 0x7f3ca49cad20>\ndriver = <selenium.webdriver.chrome.webdriver.WebDriver (session=\"ae4e9c8db1366e4c8e04e51c759b4c21\")>\nmain_page_open = None\n\n    @allure.title(\"verify redirection to contributors page not authorized user\")\n    @pytest.mark.xfail\n    def test_mp_07_verify_redirection_to_contributors_page(self, driver, main_page_open):\n        page = MainPage(driver)\n>       contributors_page_url = page.open_contributors_page()\n\ntests/main_page_test.py:54: \n_ _ _ _ _ _ _ _ _ _ _ _ _ _ _ _ _ _ _ _ _ _ _ _ _ _ _ _ _ _ _ _ _ _ _ _ _ _ _ _ \npages/main_page.py:61: in open_contributors_page\n    self.check_expected_link(MainPageLinks.URL_CONTRIBUTORS_PAGE)\npages/base_page.py:66: in check_expected_link\n    return Wait(self.driver, self.timeout).until(ec.url_to_be(url),\n_ _ _ _ _ _ _ _ _ _ _ _ _ _ _ _ _ _ _ _ _ _ _ _ _ _ _ _ _ _ _ _ _ _ _ _ _ _ _ _ \n\nself = <selenium.webdriver.support.wait.WebDriverWait (session=\"ae4e9c8db1366e4c8e04e51c759b4c21\")>\nmethod = <function url_to_be.<locals>._predicate at 0x7f3ca488a3e0>\nmessage = \"Can't find element by locator https://brainup.site/contributors\"\n\n    def until(self, method, message: str = \"\"):\n        \"\"\"Calls the method provided with the driver as an argument until the \\\n        return value does not evaluate to ``False``.\n    \n        :param method: callable(WebDriver)\n        :param message: optional message for :exc:`TimeoutException`\n        :returns: the result of the last call to `method`\n        :raises: :exc:`selenium.common.exceptions.TimeoutException` if timeout occurs\n        \"\"\"\n        screen = None\n        stacktrace = None\n    \n        end_time = time.monotonic() + self._timeout\n        while True:\n            try:\n                value = method(self._driver)\n                if value:\n                    return value\n            except self._ignored_exceptions as exc:\n                screen = getattr(exc, \"screen\", None)\n                stacktrace = getattr(exc, \"stacktrace\", None)\n            time.sleep(self._poll)\n            if time.monotonic() > end_time:\n                break\n>       raise TimeoutException(message, screen, stacktrace)\nE       selenium.common.exceptions.TimeoutException: Message: Can't find element by locator https://brainup.site/contributors\n\n/opt/hostedtoolcache/Python/3.12.1/x64/lib/python3.12/site-packages/selenium/webdriver/support/wait.py:95: TimeoutException",
    "steps" : [ {
      "name" : "Open contributors page",
      "time" : {
        "start" : 1706577291553,
        "stop" : 1706577301749,
        "duration" : 10196
      },
      "status" : "broken",
      "statusMessage" : "selenium.common.exceptions.TimeoutException: Message: Can't find element by locator https://brainup.site/contributors\n\n",
      "statusTrace" : "  File \"/opt/hostedtoolcache/Python/3.12.1/x64/lib/python3.12/site-packages/allure_commons/_allure.py\", line 192, in impl\n    return func(*a, **kw)\n           ^^^^^^^^^^^^^^\n  File \"/home/runner/work/brainup_auto-tests-python/brainup_auto-tests-python/pages/main_page.py\", line 61, in open_contributors_page\n    self.check_expected_link(MainPageLinks.URL_CONTRIBUTORS_PAGE)\n  File \"/home/runner/work/brainup_auto-tests-python/brainup_auto-tests-python/pages/base_page.py\", line 66, in check_expected_link\n    return Wait(self.driver, self.timeout).until(ec.url_to_be(url),\n           ^^^^^^^^^^^^^^^^^^^^^^^^^^^^^^^^^^^^^^^^^^^^^^^^^^^^^^^^\n  File \"/opt/hostedtoolcache/Python/3.12.1/x64/lib/python3.12/site-packages/selenium/webdriver/support/wait.py\", line 95, in until\n    raise TimeoutException(message, screen, stacktrace)\n",
      "steps" : [ {
        "name" : "Check element is visible and clickable: ('css selector', '#other-menu')",
        "time" : {
          "start" : 1706577291553,
          "stop" : 1706577291588,
          "duration" : 35
        },
        "status" : "passed",
        "steps" : [ {
          "name" : "Check element is clickable",
          "time" : {
            "start" : 1706577291570,
            "stop" : 1706577291588,
            "duration" : 18
          },
          "status" : "passed",
          "steps" : [ {
            "name" : "Check elements are clickable: ('css selector', '#other-menu')",
            "time" : {
              "start" : 1706577291570,
              "stop" : 1706577291588,
              "duration" : 18
            },
            "status" : "passed",
            "steps" : [ ],
            "attachments" : [ ],
            "parameters" : [ ],
            "attachmentsCount" : 0,
            "shouldDisplayMessage" : false,
            "hasContent" : false,
            "stepsCount" : 0
          } ],
          "attachments" : [ ],
          "parameters" : [ {
            "name" : "locator",
            "value" : "('css selector', '#other-menu')"
          } ],
          "attachmentsCount" : 0,
          "shouldDisplayMessage" : false,
          "hasContent" : true,
          "stepsCount" : 1
        } ],
        "attachments" : [ ],
        "parameters" : [ ],
        "attachmentsCount" : 0,
        "shouldDisplayMessage" : false,
        "hasContent" : true,
        "stepsCount" : 2
      }, {
        "name" : "Check element is visible and clickable: ('xpath', \"//div[@id='other-menu']//a[6]\")",
        "time" : {
          "start" : 1706577291616,
          "stop" : 1706577291646,
          "duration" : 30
        },
        "status" : "passed",
        "steps" : [ {
          "name" : "Check element is clickable",
          "time" : {
            "start" : 1706577291630,
            "stop" : 1706577291646,
            "duration" : 16
          },
          "status" : "passed",
          "steps" : [ {
            "name" : "Check elements are clickable: ('xpath', \"//div[@id='other-menu']//a[6]\")",
            "time" : {
              "start" : 1706577291630,
              "stop" : 1706577291646,
              "duration" : 16
            },
            "status" : "passed",
            "steps" : [ ],
            "attachments" : [ ],
            "parameters" : [ ],
            "attachmentsCount" : 0,
            "shouldDisplayMessage" : false,
            "hasContent" : false,
            "stepsCount" : 0
          } ],
          "attachments" : [ ],
          "parameters" : [ {
            "name" : "locator",
            "value" : "('xpath', \"//div[@id='other-menu']//a[6]\")"
          } ],
          "attachmentsCount" : 0,
          "shouldDisplayMessage" : false,
          "hasContent" : true,
          "stepsCount" : 1
        } ],
        "attachments" : [ ],
        "parameters" : [ ],
        "attachmentsCount" : 0,
        "shouldDisplayMessage" : false,
        "hasContent" : true,
        "stepsCount" : 2
      }, {
        "name" : "Check url is presence: https://brainup.site/contributors",
        "time" : {
          "start" : 1706577291679,
          "stop" : 1706577301749,
          "duration" : 10070
        },
        "status" : "broken",
        "statusMessage" : "selenium.common.exceptions.TimeoutException: Message: Can't find element by locator https://brainup.site/contributors\n\n",
        "statusTrace" : "  File \"/home/runner/work/brainup_auto-tests-python/brainup_auto-tests-python/pages/base_page.py\", line 66, in check_expected_link\n    return Wait(self.driver, self.timeout).until(ec.url_to_be(url),\n           ^^^^^^^^^^^^^^^^^^^^^^^^^^^^^^^^^^^^^^^^^^^^^^^^^^^^^^^^\n  File \"/opt/hostedtoolcache/Python/3.12.1/x64/lib/python3.12/site-packages/selenium/webdriver/support/wait.py\", line 95, in until\n    raise TimeoutException(message, screen, stacktrace)\n",
        "steps" : [ ],
        "attachments" : [ ],
        "parameters" : [ ],
        "attachmentsCount" : 0,
        "shouldDisplayMessage" : true,
        "hasContent" : true,
        "stepsCount" : 0
      } ],
      "attachments" : [ ],
      "parameters" : [ ],
      "attachmentsCount" : 0,
      "shouldDisplayMessage" : false,
      "hasContent" : true,
      "stepsCount" : 7
    } ],
    "attachments" : [ {
      "uid" : "784fa052cfc350f0",
      "name" : "Screenshot",
      "source" : "784fa052cfc350f0.png",
      "type" : "image/png",
      "size" : 59500
    }, {
      "uid" : "9ec09ca9a7099593",
      "name" : "HTML source",
      "source" : "9ec09ca9a7099593.html",
      "type" : "text/html",
      "size" : 28295
    } ],
    "parameters" : [ ],
    "attachmentsCount" : 2,
    "shouldDisplayMessage" : true,
    "hasContent" : true,
    "stepsCount" : 8
  },
  "afterStages" : [ {
    "name" : "driver::0",
    "time" : {
      "start" : 1706577301878,
      "stop" : 1706577302056,
      "duration" : 178
    },
    "status" : "passed",
    "steps" : [ ],
    "attachments" : [ {
      "uid" : "8bddf8e795325036",
      "name" : "Screenshot 2024-01-30 01:15:01.997353",
      "source" : "8bddf8e795325036.png",
      "type" : "image/png",
      "size" : 59500
    } ],
    "parameters" : [ ],
    "attachmentsCount" : 1,
    "shouldDisplayMessage" : false,
    "hasContent" : true,
    "stepsCount" : 0
  } ],
  "labels" : [ {
    "name" : "epic",
    "value" : "Main Page"
  }, {
    "name" : "tag",
    "value" : "@pytest.mark.xfail"
  }, {
    "name" : "parentSuite",
    "value" : "tests"
  }, {
    "name" : "suite",
    "value" : "main_page_test"
  }, {
    "name" : "subSuite",
    "value" : "TestMainPage"
  }, {
    "name" : "host",
    "value" : "fv-az802-90"
  }, {
    "name" : "thread",
    "value" : "1795-MainThread"
  }, {
    "name" : "framework",
    "value" : "pytest"
  }, {
    "name" : "language",
    "value" : "cpython3"
  }, {
    "name" : "package",
    "value" : "tests.main_page_test"
  }, {
    "name" : "resultFormat",
    "value" : "allure2"
  } ],
  "parameters" : [ ],
  "links" : [ ],
  "hidden" : false,
  "retry" : false,
  "extra" : {
    "severity" : "normal",
    "retries" : [ ],
    "categories" : [ ],
    "history" : {
      "statistic" : {
        "failed" : 0,
        "broken" : 0,
        "skipped" : 21,
        "passed" : 37,
        "unknown" : 0,
        "total" : 58
      },
      "items" : [ {
        "uid" : "90d260cd221739fb",
        "status" : "skipped",
        "statusDetails" : "XFAIL\n\nselenium.common.exceptions.TimeoutException: Message: Can't find element by locator https://brainup.site/contributors",
        "time" : {
          "start" : 1706490910146,
          "stop" : 1706490920344,
          "duration" : 10198
        }
      }, {
        "uid" : "5e51338daf3f12a3",
        "status" : "skipped",
        "statusDetails" : "XFAIL\n\nselenium.common.exceptions.TimeoutException: Message: Can't find element by locator https://brainup.site/contributors",
        "time" : {
          "start" : 1706404779612,
          "stop" : 1706404789818,
          "duration" : 10206
        }
      }, {
        "uid" : "b86aad9cf416d422",
        "status" : "skipped",
        "statusDetails" : "XFAIL\n\nselenium.common.exceptions.TimeoutException: Message: Can't find element by locator https://brainup.site/contributors",
        "time" : {
          "start" : 1706318026455,
          "stop" : 1706318036652,
          "duration" : 10197
        }
      }, {
        "uid" : "f55d9deafdea4800",
        "status" : "skipped",
        "statusDetails" : "XFAIL\n\nselenium.common.exceptions.TimeoutException: Message: Can't find element by locator https://brainup.site/contributors",
        "time" : {
          "start" : 1706231772746,
          "stop" : 1706231782942,
          "duration" : 10196
        }
      }, {
        "uid" : "ebe1803f5411a0ad",
        "status" : "skipped",
        "statusDetails" : "XFAIL\n\nselenium.common.exceptions.TimeoutException: Message: Can't find element by locator https://brainup.site/contributors",
        "time" : {
          "start" : 1706145738064,
          "stop" : 1706145748288,
          "duration" : 10224
        }
      }, {
        "uid" : "c769d9a05c101ad6",
        "status" : "skipped",
        "statusDetails" : "XFAIL\n\nselenium.common.exceptions.TimeoutException: Message: Can't find element by locator https://brainup.site/contributors",
        "time" : {
          "start" : 1706059315464,
          "stop" : 1706059325663,
          "duration" : 10199
        }
      }, {
        "uid" : "8f33f5fc2ca2252c",
        "status" : "skipped",
        "statusDetails" : "XFAIL\n\nselenium.common.exceptions.TimeoutException: Message: Can't find element by locator https://brainup.site/contributors",
        "time" : {
          "start" : 1705972912530,
          "stop" : 1705972922727,
          "duration" : 10197
        }
      }, {
        "uid" : "995c02a4587b74eb",
        "status" : "skipped",
        "statusDetails" : "XFAIL\n\nselenium.common.exceptions.TimeoutException: Message: Can't find element by locator https://brainup.site/contributors",
        "time" : {
          "start" : 1705886650454,
          "stop" : 1705886660648,
          "duration" : 10194
        }
      }, {
        "uid" : "d2dbafda73c06fba",
        "status" : "skipped",
        "statusDetails" : "XFAIL\n\nselenium.common.exceptions.TimeoutException: Message: Can't find element by locator https://brainup.site/contributors",
        "time" : {
          "start" : 1705800390360,
          "stop" : 1705800400582,
          "duration" : 10222
        }
      }, {
        "uid" : "cb7bcc21382d3e30",
        "status" : "skipped",
        "statusDetails" : "XFAIL\n\nselenium.common.exceptions.TimeoutException: Message: Can't find element by locator https://brainup.site/contributors",
        "time" : {
          "start" : 1705713609493,
          "stop" : 1705713619691,
          "duration" : 10198
        }
      }, {
        "uid" : "b2362cc8ad960768",
        "status" : "skipped",
        "statusDetails" : "XFAIL\n\nselenium.common.exceptions.TimeoutException: Message: Can't find element by locator https://brainup.site/contributors",
        "time" : {
          "start" : 1705627280150,
          "stop" : 1705627290348,
          "duration" : 10198
        }
      }, {
        "uid" : "50e4515f77465b0d",
        "status" : "skipped",
        "statusDetails" : "XFAIL\n\nselenium.common.exceptions.TimeoutException: Message: Can't find element by locator https://brainup.site/contributors",
        "time" : {
          "start" : 1705540824470,
          "stop" : 1705540834673,
          "duration" : 10203
        }
      }, {
        "uid" : "d0505d0b5b05d81e",
        "status" : "passed",
        "statusDetails" : "XPASS",
        "time" : {
          "start" : 1705454497271,
          "stop" : 1705454497907,
          "duration" : 636
        }
      }, {
        "uid" : "af7b1bf1cfd54c9d",
        "status" : "passed",
        "statusDetails" : "XPASS",
        "time" : {
          "start" : 1705368021609,
          "stop" : 1705368022258,
          "duration" : 649
        }
      }, {
        "uid" : "21cfc9ea8ee52b5a",
        "status" : "passed",
        "statusDetails" : "XPASS",
        "time" : {
          "start" : 1705281767283,
          "stop" : 1705281767931,
          "duration" : 648
        }
      }, {
        "uid" : "c45b002ca9285d63",
        "status" : "passed",
        "statusDetails" : "XPASS",
        "time" : {
          "start" : 1705195569675,
          "stop" : 1705195570331,
          "duration" : 656
        }
      }, {
        "uid" : "8f8defb6e83ccec4",
        "status" : "passed",
        "statusDetails" : "XPASS",
        "time" : {
          "start" : 1705108790440,
          "stop" : 1705108791077,
          "duration" : 637
        }
      }, {
        "uid" : "eed682cbea22bd5d",
        "status" : "passed",
        "statusDetails" : "XPASS",
        "time" : {
          "start" : 1705022465669,
          "stop" : 1705022466328,
          "duration" : 659
        }
      }, {
        "uid" : "a318418031d03d60",
        "status" : "passed",
        "statusDetails" : "XPASS",
        "time" : {
          "start" : 1704936040012,
          "stop" : 1704936040646,
          "duration" : 634
        }
      }, {
        "uid" : "61e486a06ffdd538",
        "status" : "passed",
        "statusDetails" : "XPASS",
        "time" : {
          "start" : 1704849642410,
          "stop" : 1704849643060,
          "duration" : 650
        }
      } ]
    },
    "tags" : [ "@pytest.mark.xfail" ]
  },
  "source" : "cb92c870c5583959.json",
  "parameterValues" : [ ]
}